{"meta": {"format": 3, "version": "7.10.7", "timestamp": "2025-10-15T18:04:56.259909", "branch_coverage": false, "show_contexts": false}, "files": {"llm_dataset_engine/__init__.py": {"executed_lines": [1, 8, 11, 12, 13, 16, 24], "summary": {"covered_lines": 6, "num_statements": 6, "percent_covered": 100.0, "percent_covered_display": "100", "missing_lines": 0, "excluded_lines": 0}, "missing_lines": [], "excluded_lines": [], "functions": {"": {"executed_lines": [1, 8, 11, 12, 13, 16, 24], "summary": {"covered_lines": 6, "num_statements": 6, "percent_covered": 100.0, "percent_covered_display": "100", "missing_lines": 0, "excluded_lines": 0}, "missing_lines": [], "excluded_lines": []}}, "classes": {"": {"executed_lines": [1, 8, 11, 12, 13, 16, 24], "summary": {"covered_lines": 6, "num_statements": 6, "percent_covered": 100.0, "percent_covered_display": "100", "missing_lines": 0, "excluded_lines": 0}, "missing_lines": [], "excluded_lines": []}}}, "llm_dataset_engine/adapters/__init__.py": {"executed_lines": [1, 3, 7, 20, 29], "summary": {"covered_lines": 4, "num_statements": 4, "percent_covered": 100.0, "percent_covered_display": "100", "missing_lines": 0, "excluded_lines": 0}, "missing_lines": [], "excluded_lines": [], "functions": {"": {"executed_lines": [1, 3, 7, 20, 29], "summary": {"covered_lines": 4, "num_statements": 4, "percent_covered": 100.0, "percent_covered_display": "100", "missing_lines": 0, "excluded_lines": 0}, "missing_lines": [], "excluded_lines": []}}, "classes": {"": {"executed_lines": [1, 3, 7, 20, 29], "summary": {"covered_lines": 4, "num_statements": 4, "percent_covered": 100.0, "percent_covered_display": "100", "missing_lines": 0, "excluded_lines": 0}, "missing_lines": [], "excluded_lines": []}}}, "llm_dataset_engine/adapters/checkpoint_storage.py": {"executed_lines": [1, 8, 9, 10, 11, 12, 13, 14, 16, 19, 20, 26, 27, 40, 41, 53, 54, 63, 64, 76, 77, 90, 91, 97, 109, 110, 113, 115, 120, 149, 168, 170, 172, 173, 203, 205, 217, 221], "summary": {"covered_lines": 35, "num_statements": 95, "percent_covered": 36.8421052631579, "percent_covered_display": "37", "missing_lines": 60, "excluded_lines": 0}, "missing_lines": [38, 51, 61, 74, 87, 117, 118, 122, 125, 132, 133, 134, 135, 142, 143, 145, 146, 147, 151, 153, 154, 156, 157, 158, 159, 161, 162, 164, 165, 166, 174, 176, 179, 182, 185, 186, 187, 189, 199, 201, 207, 209, 210, 211, 212, 213, 214, 215, 219, 231, 232, 234, 235, 236, 237, 238, 239, 240, 241, 243], "excluded_lines": [], "functions": {"CheckpointStorage.save": {"executed_lines": [], "summary": {"covered_lines": 0, "num_statements": 1, "percent_covered": 0.0, "percent_covered_display": "0", "missing_lines": 1, "excluded_lines": 0}, "missing_lines": [38], "excluded_lines": []}, "CheckpointStorage.load": {"executed_lines": [], "summary": {"covered_lines": 0, "num_statements": 1, "percent_covered": 0.0, "percent_covered_display": "0", "missing_lines": 1, "excluded_lines": 0}, "missing_lines": [51], "excluded_lines": []}, "CheckpointStorage.list_checkpoints": {"executed_lines": [], "summary": {"covered_lines": 0, "num_statements": 1, "percent_covered": 0.0, "percent_covered_display": "0", "missing_lines": 1, "excluded_lines": 0}, "missing_lines": [61], "excluded_lines": []}, "CheckpointStorage.delete": {"executed_lines": [], "summary": {"covered_lines": 0, "num_statements": 1, "percent_covered": 0.0, "percent_covered_display": "0", "missing_lines": 1, "excluded_lines": 0}, "missing_lines": [74], "excluded_lines": []}, "CheckpointStorage.exists": {"executed_lines": [], "summary": {"covered_lines": 0, "num_statements": 1, "percent_covered": 0.0, "percent_covered_display": "0", "missing_lines": 1, "excluded_lines": 0}, "missing_lines": [87], "excluded_lines": []}, "LocalFileCheckpointStorage.__init__": {"executed_lines": [109, 110, 113], "summary": {"covered_lines": 3, "num_statements": 3, "percent_covered": 100.0, "percent_covered_display": "100", "missing_lines": 0, "excluded_lines": 0}, "missing_lines": [], "excluded_lines": []}, "LocalFileCheckpointStorage._get_checkpoint_path": {"executed_lines": [], "summary": {"covered_lines": 0, "num_statements": 2, "percent_covered": 0.0, "percent_covered_display": "0", "missing_lines": 2, "excluded_lines": 0}, "missing_lines": [117, 118], "excluded_lines": []}, "LocalFileCheckpointStorage.save": {"executed_lines": [], "summary": {"covered_lines": 0, "num_statements": 11, "percent_covered": 0.0, "percent_covered_display": "0", "missing_lines": 11, "excluded_lines": 0}, "missing_lines": [122, 125, 132, 133, 134, 135, 142, 143, 145, 146, 147], "excluded_lines": []}, "LocalFileCheckpointStorage.load": {"executed_lines": [], "summary": {"covered_lines": 0, "num_statements": 12, "percent_covered": 0.0, "percent_covered_display": "0", "missing_lines": 12, "excluded_lines": 0}, "missing_lines": [151, 153, 154, 156, 157, 158, 159, 161, 162, 164, 165, 166], "excluded_lines": []}, "LocalFileCheckpointStorage.list_checkpoints": {"executed_lines": [170, 172, 173, 203], "summary": {"covered_lines": 4, "num_statements": 14, "percent_covered": 28.571428571428573, "percent_covered_display": "29", "missing_lines": 10, "excluded_lines": 0}, "missing_lines": [174, 176, 179, 182, 185, 186, 187, 189, 199, 201], "excluded_lines": []}, "LocalFileCheckpointStorage.delete": {"executed_lines": [], "summary": {"covered_lines": 0, "num_statements": 8, "percent_covered": 0.0, "percent_covered_display": "0", "missing_lines": 8, "excluded_lines": 0}, "missing_lines": [207, 209, 210, 211, 212, 213, 214, 215], "excluded_lines": []}, "LocalFileCheckpointStorage.exists": {"executed_lines": [], "summary": {"covered_lines": 0, "num_statements": 1, "percent_covered": 0.0, "percent_covered_display": "0", "missing_lines": 1, "excluded_lines": 0}, "missing_lines": [219], "excluded_lines": []}, "LocalFileCheckpointStorage.cleanup_old_checkpoints": {"executed_lines": [], "summary": {"covered_lines": 0, "num_statements": 11, "percent_covered": 0.0, "percent_covered_display": "0", "missing_lines": 11, "excluded_lines": 0}, "missing_lines": [231, 232, 234, 235, 236, 237, 238, 239, 240, 241, 243], "excluded_lines": []}, "": {"executed_lines": [1, 8, 9, 10, 11, 12, 13, 14, 16, 19, 20, 26, 27, 40, 41, 53, 54, 63, 64, 76, 77, 90, 91, 97, 115, 120, 149, 168, 205, 217, 221], "summary": {"covered_lines": 28, "num_statements": 28, "percent_covered": 100.0, "percent_covered_display": "100", "missing_lines": 0, "excluded_lines": 0}, "missing_lines": [], "excluded_lines": []}}, "classes": {"CheckpointStorage": {"executed_lines": [], "summary": {"covered_lines": 0, "num_statements": 5, "percent_covered": 0.0, "percent_covered_display": "0", "missing_lines": 5, "excluded_lines": 0}, "missing_lines": [38, 51, 61, 74, 87], "excluded_lines": []}, "LocalFileCheckpointStorage": {"executed_lines": [109, 110, 113, 170, 172, 173, 203], "summary": {"covered_lines": 7, "num_statements": 62, "percent_covered": 11.290322580645162, "percent_covered_display": "11", "missing_lines": 55, "excluded_lines": 0}, "missing_lines": [117, 118, 122, 125, 132, 133, 134, 135, 142, 143, 145, 146, 147, 151, 153, 154, 156, 157, 158, 159, 161, 162, 164, 165, 166, 174, 176, 179, 182, 185, 186, 187, 189, 199, 201, 207, 209, 210, 211, 212, 213, 214, 215, 219, 231, 232, 234, 235, 236, 237, 238, 239, 240, 241, 243], "excluded_lines": []}, "": {"executed_lines": [1, 8, 9, 10, 11, 12, 13, 14, 16, 19, 20, 26, 27, 40, 41, 53, 54, 63, 64, 76, 77, 90, 91, 97, 115, 120, 149, 168, 205, 217, 221], "summary": {"covered_lines": 28, "num_statements": 28, "percent_covered": 100.0, "percent_covered_display": "100", "missing_lines": 0, "excluded_lines": 0}, "missing_lines": [], "excluded_lines": []}}}, "llm_dataset_engine/adapters/data_io.py": {"executed_lines": [1, 8, 9, 10, 12, 13, 15, 16, 19, 20, 27, 28, 37, 38, 51, 52, 54, 72, 80, 91, 92, 94, 107, 111, 123, 124, 126, 135, 139, 154, 155, 157, 166, 170, 176, 177, 183, 184, 199, 200, 216, 217, 219, 230, 247, 277, 278, 280, 292, 313, 314, 316, 328, 349, 396], "summary": {"covered_lines": 45, "num_statements": 131, "percent_covered": 34.35114503816794, "percent_covered_display": "34", "missing_lines": 86, "excluded_lines": 0}, "missing_lines": [35, 48, 68, 69, 70, 74, 82, 88, 104, 105, 109, 118, 119, 120, 133, 137, 144, 147, 149, 150, 151, 164, 168, 172, 173, 197, 213, 227, 228, 234, 241, 251, 253, 255, 263, 265, 270, 272, 273, 274, 284, 286, 296, 298, 299, 300, 302, 307, 308, 309, 310, 320, 322, 332, 334, 335, 336, 338, 343, 344, 345, 346, 370, 371, 372, 373, 378, 379, 380, 381, 384, 385, 386, 387, 388, 389, 390, 391, 393, 409, 410, 411, 412, 413, 414, 416], "excluded_lines": [], "functions": {"DataReader.read": {"executed_lines": [], "summary": {"covered_lines": 0, "num_statements": 1, "percent_covered": 0.0, "percent_covered_display": "0", "missing_lines": 1, "excluded_lines": 0}, "missing_lines": [35], "excluded_lines": []}, "DataReader.read_chunked": {"executed_lines": [], "summary": {"covered_lines": 0, "num_statements": 1, "percent_covered": 0.0, "percent_covered_display": "0", "missing_lines": 1, "excluded_lines": 0}, "missing_lines": [48], "excluded_lines": []}, "CSVReader.__init__": {"executed_lines": [], "summary": {"covered_lines": 0, "num_statements": 3, "percent_covered": 0.0, "percent_covered_display": "0", "missing_lines": 3, "excluded_lines": 0}, "missing_lines": [68, 69, 70], "excluded_lines": []}, "CSVReader.read": {"executed_lines": [], "summary": {"covered_lines": 0, "num_statements": 1, "percent_covered": 0.0, "percent_covered_display": "0", "missing_lines": 1, "excluded_lines": 0}, "missing_lines": [74], "excluded_lines": []}, "CSVReader.read_chunked": {"executed_lines": [], "summary": {"covered_lines": 0, "num_statements": 2, "percent_covered": 0.0, "percent_covered_display": "0", "missing_lines": 2, "excluded_lines": 0}, "missing_lines": [82, 88], "excluded_lines": []}, "ExcelReader.__init__": {"executed_lines": [], "summary": {"covered_lines": 0, "num_statements": 2, "percent_covered": 0.0, "percent_covered_display": "0", "missing_lines": 2, "excluded_lines": 0}, "missing_lines": [104, 105], "excluded_lines": []}, "ExcelReader.read": {"executed_lines": [], "summary": {"covered_lines": 0, "num_statements": 1, "percent_covered": 0.0, "percent_covered_display": "0", "missing_lines": 1, "excluded_lines": 0}, "missing_lines": [109], "excluded_lines": []}, "ExcelReader.read_chunked": {"executed_lines": [], "summary": {"covered_lines": 0, "num_statements": 3, "percent_covered": 0.0, "percent_covered_display": "0", "missing_lines": 3, "excluded_lines": 0}, "missing_lines": [118, 119, 120], "excluded_lines": []}, "ParquetReader.__init__": {"executed_lines": [], "summary": {"covered_lines": 0, "num_statements": 1, "percent_covered": 0.0, "percent_covered_display": "0", "missing_lines": 1, "excluded_lines": 0}, "missing_lines": [133], "excluded_lines": []}, "ParquetReader.read": {"executed_lines": [], "summary": {"covered_lines": 0, "num_statements": 1, "percent_covered": 0.0, "percent_covered_display": "0", "missing_lines": 1, "excluded_lines": 0}, "missing_lines": [137], "excluded_lines": []}, "ParquetReader.read_chunked": {"executed_lines": [], "summary": {"covered_lines": 0, "num_statements": 5, "percent_covered": 0.0, "percent_covered_display": "0", "missing_lines": 5, "excluded_lines": 0}, "missing_lines": [144, 147, 149, 150, 151], "excluded_lines": []}, "DataFrameReader.__init__": {"executed_lines": [], "summary": {"covered_lines": 0, "num_statements": 1, "percent_covered": 0.0, "percent_covered_display": "0", "missing_lines": 1, "excluded_lines": 0}, "missing_lines": [164], "excluded_lines": []}, "DataFrameReader.read": {"executed_lines": [], "summary": {"covered_lines": 0, "num_statements": 1, "percent_covered": 0.0, "percent_covered_display": "0", "missing_lines": 1, "excluded_lines": 0}, "missing_lines": [168], "excluded_lines": []}, "DataFrameReader.read_chunked": {"executed_lines": [], "summary": {"covered_lines": 0, "num_statements": 2, "percent_covered": 0.0, "percent_covered_display": "0", "missing_lines": 2, "excluded_lines": 0}, "missing_lines": [172, 173], "excluded_lines": []}, "DataWriter.write": {"executed_lines": [], "summary": {"covered_lines": 0, "num_statements": 1, "percent_covered": 0.0, "percent_covered_display": "0", "missing_lines": 1, "excluded_lines": 0}, "missing_lines": [197], "excluded_lines": []}, "DataWriter.atomic_write": {"executed_lines": [], "summary": {"covered_lines": 0, "num_statements": 1, "percent_covered": 0.0, "percent_covered_display": "0", "missing_lines": 1, "excluded_lines": 0}, "missing_lines": [213], "excluded_lines": []}, "CSVWriter.__init__": {"executed_lines": [], "summary": {"covered_lines": 0, "num_statements": 2, "percent_covered": 0.0, "percent_covered_display": "0", "missing_lines": 2, "excluded_lines": 0}, "missing_lines": [227, 228], "excluded_lines": []}, "CSVWriter.write": {"executed_lines": [], "summary": {"covered_lines": 0, "num_statements": 2, "percent_covered": 0.0, "percent_covered_display": "0", "missing_lines": 2, "excluded_lines": 0}, "missing_lines": [234, 241], "excluded_lines": []}, "CSVWriter.atomic_write": {"executed_lines": [], "summary": {"covered_lines": 0, "num_statements": 9, "percent_covered": 0.0, "percent_covered_display": "0", "missing_lines": 9, "excluded_lines": 0}, "missing_lines": [251, 253, 255, 263, 265, 270, 272, 273, 274], "excluded_lines": []}, "ExcelWriter.write": {"executed_lines": [], "summary": {"covered_lines": 0, "num_statements": 2, "percent_covered": 0.0, "percent_covered_display": "0", "missing_lines": 2, "excluded_lines": 0}, "missing_lines": [284, 286], "excluded_lines": []}, "ExcelWriter.atomic_write": {"executed_lines": [], "summary": {"covered_lines": 0, "num_statements": 9, "percent_covered": 0.0, "percent_covered_display": "0", "missing_lines": 9, "excluded_lines": 0}, "missing_lines": [296, 298, 299, 300, 302, 307, 308, 309, 310], "excluded_lines": []}, "ParquetWriter.write": {"executed_lines": [], "summary": {"covered_lines": 0, "num_statements": 2, "percent_covered": 0.0, "percent_covered_display": "0", "missing_lines": 2, "excluded_lines": 0}, "missing_lines": [320, 322], "excluded_lines": []}, "ParquetWriter.atomic_write": {"executed_lines": [], "summary": {"covered_lines": 0, "num_statements": 9, "percent_covered": 0.0, "percent_covered_display": "0", "missing_lines": 9, "excluded_lines": 0}, "missing_lines": [332, 334, 335, 336, 338, 343, 344, 345, 346], "excluded_lines": []}, "create_data_reader": {"executed_lines": [], "summary": {"covered_lines": 0, "num_statements": 17, "percent_covered": 0.0, "percent_covered_display": "0", "missing_lines": 17, "excluded_lines": 0}, "missing_lines": [370, 371, 372, 373, 378, 379, 380, 381, 384, 385, 386, 387, 388, 389, 390, 391, 393], "excluded_lines": []}, "create_data_writer": {"executed_lines": [], "summary": {"covered_lines": 0, "num_statements": 7, "percent_covered": 0.0, "percent_covered_display": "0", "missing_lines": 7, "excluded_lines": 0}, "missing_lines": [409, 410, 411, 412, 413, 414, 416], "excluded_lines": []}, "": {"executed_lines": [1, 8, 9, 10, 12, 13, 15, 16, 19, 20, 27, 28, 37, 38, 51, 52, 54, 72, 80, 91, 92, 94, 107, 111, 123, 124, 126, 135, 139, 154, 155, 157, 166, 170, 176, 177, 183, 184, 199, 200, 216, 217, 219, 230, 247, 277, 278, 280, 292, 313, 314, 316, 328, 349, 396], "summary": {"covered_lines": 45, "num_statements": 45, "percent_covered": 100.0, "percent_covered_display": "100", "missing_lines": 0, "excluded_lines": 0}, "missing_lines": [], "excluded_lines": []}}, "classes": {"DataReader": {"executed_lines": [], "summary": {"covered_lines": 0, "num_statements": 2, "percent_covered": 0.0, "percent_covered_display": "0", "missing_lines": 2, "excluded_lines": 0}, "missing_lines": [35, 48], "excluded_lines": []}, "CSVReader": {"executed_lines": [], "summary": {"covered_lines": 0, "num_statements": 6, "percent_covered": 0.0, "percent_covered_display": "0", "missing_lines": 6, "excluded_lines": 0}, "missing_lines": [68, 69, 70, 74, 82, 88], "excluded_lines": []}, "ExcelReader": {"executed_lines": [], "summary": {"covered_lines": 0, "num_statements": 6, "percent_covered": 0.0, "percent_covered_display": "0", "missing_lines": 6, "excluded_lines": 0}, "missing_lines": [104, 105, 109, 118, 119, 120], "excluded_lines": []}, "ParquetReader": {"executed_lines": [], "summary": {"covered_lines": 0, "num_statements": 7, "percent_covered": 0.0, "percent_covered_display": "0", "missing_lines": 7, "excluded_lines": 0}, "missing_lines": [133, 137, 144, 147, 149, 150, 151], "excluded_lines": []}, "DataFrameReader": {"executed_lines": [], "summary": {"covered_lines": 0, "num_statements": 4, "percent_covered": 0.0, "percent_covered_display": "0", "missing_lines": 4, "excluded_lines": 0}, "missing_lines": [164, 168, 172, 173], "excluded_lines": []}, "DataWriter": {"executed_lines": [], "summary": {"covered_lines": 0, "num_statements": 2, "percent_covered": 0.0, "percent_covered_display": "0", "missing_lines": 2, "excluded_lines": 0}, "missing_lines": [197, 213], "excluded_lines": []}, "CSVWriter": {"executed_lines": [], "summary": {"covered_lines": 0, "num_statements": 13, "percent_covered": 0.0, "percent_covered_display": "0", "missing_lines": 13, "excluded_lines": 0}, "missing_lines": [227, 228, 234, 241, 251, 253, 255, 263, 265, 270, 272, 273, 274], "excluded_lines": []}, "ExcelWriter": {"executed_lines": [], "summary": {"covered_lines": 0, "num_statements": 11, "percent_covered": 0.0, "percent_covered_display": "0", "missing_lines": 11, "excluded_lines": 0}, "missing_lines": [284, 286, 296, 298, 299, 300, 302, 307, 308, 309, 310], "excluded_lines": []}, "ParquetWriter": {"executed_lines": [], "summary": {"covered_lines": 0, "num_statements": 11, "percent_covered": 0.0, "percent_covered_display": "0", "missing_lines": 11, "excluded_lines": 0}, "missing_lines": [320, 322, 332, 334, 335, 336, 338, 343, 344, 345, 346], "excluded_lines": []}, "": {"executed_lines": [1, 8, 9, 10, 12, 13, 15, 16, 19, 20, 27, 28, 37, 38, 51, 52, 54, 72, 80, 91, 92, 94, 107, 111, 123, 124, 126, 135, 139, 154, 155, 157, 166, 170, 176, 177, 183, 184, 199, 200, 216, 217, 219, 230, 247, 277, 278, 280, 292, 313, 314, 316, 328, 349, 396], "summary": {"covered_lines": 45, "num_statements": 69, "percent_covered": 65.21739130434783, "percent_covered_display": "65", "missing_lines": 24, "excluded_lines": 0}, "missing_lines": [370, 371, 372, 373, 378, 379, 380, 381, 384, 385, 386, 387, 388, 389, 390, 391, 393, 409, 410, 411, 412, 413, 414, 416], "excluded_lines": []}}}, "llm_dataset_engine/adapters/llm_client.py": {"executed_lines": [1, 8, 9, 10, 11, 12, 14, 15, 16, 17, 18, 19, 21, 22, 25, 26, 33, 45, 46, 59, 60, 72, 90, 112, 113, 115, 136, 160, 165, 166, 168, 200, 224, 229, 230, 232, 252, 276, 281, 282, 284, 304, 328, 333], "summary": {"covered_lines": 38, "num_statements": 127, "percent_covered": 29.921259842519685, "percent_covered_display": "30", "missing_lines": 89, "excluded_lines": 0}, "missing_lines": [40, 41, 42, 43, 57, 70, 88, 103, 106, 109, 117, 119, 120, 121, 123, 131, 132, 133, 134, 138, 140, 141, 143, 146, 147, 149, 151, 162, 170, 172, 173, 174, 178, 179, 181, 182, 184, 195, 196, 197, 198, 202, 204, 205, 207, 210, 211, 213, 215, 226, 234, 236, 237, 238, 242, 250, 254, 256, 257, 259, 262, 263, 265, 267, 278, 286, 288, 289, 290, 294, 302, 306, 308, 309, 311, 314, 315, 317, 319, 330, 346, 347, 348, 349, 350, 351, 352, 353, 355], "excluded_lines": [], "functions": {"LLMClient.__init__": {"executed_lines": [], "summary": {"covered_lines": 0, "num_statements": 4, "percent_covered": 0.0, "percent_covered_display": "0", "missing_lines": 4, "excluded_lines": 0}, "missing_lines": [40, 41, 42, 43], "excluded_lines": []}, "LLMClient.invoke": {"executed_lines": [], "summary": {"covered_lines": 0, "num_statements": 1, "percent_covered": 0.0, "percent_covered_display": "0", "missing_lines": 1, "excluded_lines": 0}, "missing_lines": [57], "excluded_lines": []}, "LLMClient.estimate_tokens": {"executed_lines": [], "summary": {"covered_lines": 0, "num_statements": 1, "percent_covered": 0.0, "percent_covered_display": "0", "missing_lines": 1, "excluded_lines": 0}, "missing_lines": [70], "excluded_lines": []}, "LLMClient.batch_invoke": {"executed_lines": [], "summary": {"covered_lines": 0, "num_statements": 1, "percent_covered": 0.0, "percent_covered_display": "0", "missing_lines": 1, "excluded_lines": 0}, "missing_lines": [88], "excluded_lines": []}, "LLMClient.calculate_cost": {"executed_lines": [], "summary": {"covered_lines": 0, "num_statements": 3, "percent_covered": 0.0, "percent_covered_display": "0", "missing_lines": 3, "excluded_lines": 0}, "missing_lines": [103, 106, 109], "excluded_lines": []}, "OpenAIClient.__init__": {"executed_lines": [], "summary": {"covered_lines": 0, "num_statements": 9, "percent_covered": 0.0, "percent_covered_display": "0", "missing_lines": 9, "excluded_lines": 0}, "missing_lines": [117, 119, 120, 121, 123, 131, 132, 133, 134], "excluded_lines": []}, "OpenAIClient.invoke": {"executed_lines": [], "summary": {"covered_lines": 0, "num_statements": 8, "percent_covered": 0.0, "percent_covered_display": "0", "missing_lines": 8, "excluded_lines": 0}, "missing_lines": [138, 140, 141, 143, 146, 147, 149, 151], "excluded_lines": []}, "OpenAIClient.estimate_tokens": {"executed_lines": [], "summary": {"covered_lines": 0, "num_statements": 1, "percent_covered": 0.0, "percent_covered_display": "0", "missing_lines": 1, "excluded_lines": 0}, "missing_lines": [162], "excluded_lines": []}, "AzureOpenAIClient.__init__": {"executed_lines": [], "summary": {"covered_lines": 0, "num_statements": 13, "percent_covered": 0.0, "percent_covered_display": "0", "missing_lines": 13, "excluded_lines": 0}, "missing_lines": [170, 172, 173, 174, 178, 179, 181, 182, 184, 195, 196, 197, 198], "excluded_lines": []}, "AzureOpenAIClient.invoke": {"executed_lines": [], "summary": {"covered_lines": 0, "num_statements": 8, "percent_covered": 0.0, "percent_covered_display": "0", "missing_lines": 8, "excluded_lines": 0}, "missing_lines": [202, 204, 205, 207, 210, 211, 213, 215], "excluded_lines": []}, "AzureOpenAIClient.estimate_tokens": {"executed_lines": [], "summary": {"covered_lines": 0, "num_statements": 1, "percent_covered": 0.0, "percent_covered_display": "0", "missing_lines": 1, "excluded_lines": 0}, "missing_lines": [226], "excluded_lines": []}, "AnthropicClient.__init__": {"executed_lines": [], "summary": {"covered_lines": 0, "num_statements": 6, "percent_covered": 0.0, "percent_covered_display": "0", "missing_lines": 6, "excluded_lines": 0}, "missing_lines": [234, 236, 237, 238, 242, 250], "excluded_lines": []}, "AnthropicClient.invoke": {"executed_lines": [], "summary": {"covered_lines": 0, "num_statements": 8, "percent_covered": 0.0, "percent_covered_display": "0", "missing_lines": 8, "excluded_lines": 0}, "missing_lines": [254, 256, 257, 259, 262, 263, 265, 267], "excluded_lines": []}, "AnthropicClient.estimate_tokens": {"executed_lines": [], "summary": {"covered_lines": 0, "num_statements": 1, "percent_covered": 0.0, "percent_covered_display": "0", "missing_lines": 1, "excluded_lines": 0}, "missing_lines": [278], "excluded_lines": []}, "GroqClient.__init__": {"executed_lines": [], "summary": {"covered_lines": 0, "num_statements": 6, "percent_covered": 0.0, "percent_covered_display": "0", "missing_lines": 6, "excluded_lines": 0}, "missing_lines": [286, 288, 289, 290, 294, 302], "excluded_lines": []}, "GroqClient.invoke": {"executed_lines": [], "summary": {"covered_lines": 0, "num_statements": 8, "percent_covered": 0.0, "percent_covered_display": "0", "missing_lines": 8, "excluded_lines": 0}, "missing_lines": [306, 308, 309, 311, 314, 315, 317, 319], "excluded_lines": []}, "GroqClient.estimate_tokens": {"executed_lines": [], "summary": {"covered_lines": 0, "num_statements": 1, "percent_covered": 0.0, "percent_covered_display": "0", "missing_lines": 1, "excluded_lines": 0}, "missing_lines": [330], "excluded_lines": []}, "create_llm_client": {"executed_lines": [], "summary": {"covered_lines": 0, "num_statements": 9, "percent_covered": 0.0, "percent_covered_display": "0", "missing_lines": 9, "excluded_lines": 0}, "missing_lines": [346, 347, 348, 349, 350, 351, 352, 353, 355], "excluded_lines": []}, "": {"executed_lines": [1, 8, 9, 10, 11, 12, 14, 15, 16, 17, 18, 19, 21, 22, 25, 26, 33, 45, 46, 59, 60, 72, 90, 112, 113, 115, 136, 160, 165, 166, 168, 200, 224, 229, 230, 232, 252, 276, 281, 282, 284, 304, 328, 333], "summary": {"covered_lines": 38, "num_statements": 38, "percent_covered": 100.0, "percent_covered_display": "100", "missing_lines": 0, "excluded_lines": 0}, "missing_lines": [], "excluded_lines": []}}, "classes": {"LLMClient": {"executed_lines": [], "summary": {"covered_lines": 0, "num_statements": 10, "percent_covered": 0.0, "percent_covered_display": "0", "missing_lines": 10, "excluded_lines": 0}, "missing_lines": [40, 41, 42, 43, 57, 70, 88, 103, 106, 109], "excluded_lines": []}, "OpenAIClient": {"executed_lines": [], "summary": {"covered_lines": 0, "num_statements": 18, "percent_covered": 0.0, "percent_covered_display": "0", "missing_lines": 18, "excluded_lines": 0}, "missing_lines": [117, 119, 120, 121, 123, 131, 132, 133, 134, 138, 140, 141, 143, 146, 147, 149, 151, 162], "excluded_lines": []}, "AzureOpenAIClient": {"executed_lines": [], "summary": {"covered_lines": 0, "num_statements": 22, "percent_covered": 0.0, "percent_covered_display": "0", "missing_lines": 22, "excluded_lines": 0}, "missing_lines": [170, 172, 173, 174, 178, 179, 181, 182, 184, 195, 196, 197, 198, 202, 204, 205, 207, 210, 211, 213, 215, 226], "excluded_lines": []}, "AnthropicClient": {"executed_lines": [], "summary": {"covered_lines": 0, "num_statements": 15, "percent_covered": 0.0, "percent_covered_display": "0", "missing_lines": 15, "excluded_lines": 0}, "missing_lines": [234, 236, 237, 238, 242, 250, 254, 256, 257, 259, 262, 263, 265, 267, 278], "excluded_lines": []}, "GroqClient": {"executed_lines": [], "summary": {"covered_lines": 0, "num_statements": 15, "percent_covered": 0.0, "percent_covered_display": "0", "missing_lines": 15, "excluded_lines": 0}, "missing_lines": [286, 288, 289, 290, 294, 302, 306, 308, 309, 311, 314, 315, 317, 319, 330], "excluded_lines": []}, "": {"executed_lines": [1, 8, 9, 10, 11, 12, 14, 15, 16, 17, 18, 19, 21, 22, 25, 26, 33, 45, 46, 59, 60, 72, 90, 112, 113, 115, 136, 160, 165, 166, 168, 200, 224, 229, 230, 232, 252, 276, 281, 282, 284, 304, 328, 333], "summary": {"covered_lines": 38, "num_statements": 47, "percent_covered": 80.85106382978724, "percent_covered_display": "81", "missing_lines": 9, "excluded_lines": 0}, "missing_lines": [346, 347, 348, 349, 350, 351, 352, 353, 355], "excluded_lines": []}}}, "llm_dataset_engine/api/__init__.py": {"executed_lines": [1, 3, 4, 5, 6, 8], "summary": {"covered_lines": 5, "num_statements": 5, "percent_covered": 100.0, "percent_covered_display": "100", "missing_lines": 0, "excluded_lines": 0}, "missing_lines": [], "excluded_lines": [], "functions": {"": {"executed_lines": [1, 3, 4, 5, 6, 8], "summary": {"covered_lines": 5, "num_statements": 5, "percent_covered": 100.0, "percent_covered_display": "100", "missing_lines": 0, "excluded_lines": 0}, "missing_lines": [], "excluded_lines": []}}, "classes": {"": {"executed_lines": [1, 3, 4, 5, 6, 8], "summary": {"covered_lines": 5, "num_statements": 5, "percent_covered": 100.0, "percent_covered_display": "100", "missing_lines": 0, "excluded_lines": 0}, "missing_lines": [], "excluded_lines": []}}}, "llm_dataset_engine/api/dataset_processor.py": {"executed_lines": [1, 7, 9, 11, 14, 15, 32, 96, 106, 142], "summary": {"covered_lines": 8, "num_statements": 38, "percent_covered": 21.05263157894737, "percent_covered_display": "21", "missing_lines": 30, "excluded_lines": 0}, "missing_lines": [50, 51, 52, 53, 54, 57, 60, 61, 66, 67, 73, 76, 79, 80, 81, 82, 83, 85, 94, 103, 104, 117, 118, 120, 122, 138, 139, 140, 149, 150], "excluded_lines": [], "functions": {"DatasetProcessor.__init__": {"executed_lines": [], "summary": {"covered_lines": 0, "num_statements": 19, "percent_covered": 0.0, "percent_covered_display": "0", "missing_lines": 19, "excluded_lines": 0}, "missing_lines": [50, 51, 52, 53, 54, 57, 60, 61, 66, 67, 73, 76, 79, 80, 81, 82, 83, 85, 94], "excluded_lines": []}, "DatasetProcessor.run": {"executed_lines": [], "summary": {"covered_lines": 0, "num_statements": 2, "percent_covered": 0.0, "percent_covered_display": "0", "missing_lines": 2, "excluded_lines": 0}, "missing_lines": [103, 104], "excluded_lines": []}, "DatasetProcessor.run_sample": {"executed_lines": [], "summary": {"covered_lines": 0, "num_statements": 7, "percent_covered": 0.0, "percent_covered_display": "0", "missing_lines": 7, "excluded_lines": 0}, "missing_lines": [117, 118, 120, 122, 138, 139, 140], "excluded_lines": []}, "DatasetProcessor.estimate_cost": {"executed_lines": [], "summary": {"covered_lines": 0, "num_statements": 2, "percent_covered": 0.0, "percent_covered_display": "0", "missing_lines": 2, "excluded_lines": 0}, "missing_lines": [149, 150], "excluded_lines": []}, "": {"executed_lines": [1, 7, 9, 11, 14, 15, 32, 96, 106, 142], "summary": {"covered_lines": 8, "num_statements": 8, "percent_covered": 100.0, "percent_covered_display": "100", "missing_lines": 0, "excluded_lines": 0}, "missing_lines": [], "excluded_lines": []}}, "classes": {"DatasetProcessor": {"executed_lines": [], "summary": {"covered_lines": 0, "num_statements": 30, "percent_covered": 0.0, "percent_covered_display": "0", "missing_lines": 30, "excluded_lines": 0}, "missing_lines": [50, 51, 52, 53, 54, 57, 60, 61, 66, 67, 73, 76, 79, 80, 81, 82, 83, 85, 94, 103, 104, 117, 118, 120, 122, 138, 139, 140, 149, 150], "excluded_lines": []}, "": {"executed_lines": [1, 7, 9, 11, 14, 15, 32, 96, 106, 142], "summary": {"covered_lines": 8, "num_statements": 8, "percent_covered": 100.0, "percent_covered_display": "100", "missing_lines": 0, "excluded_lines": 0}, "missing_lines": [], "excluded_lines": []}}}, "llm_dataset_engine/api/health_check.py": {"executed_lines": [1, 7, 8, 10, 11, 13, 16, 17, 23, 34, 106, 116], "summary": {"covered_lines": 10, "num_statements": 41, "percent_covered": 24.390243902439025, "percent_covered_display": "24", "missing_lines": 31, "excluded_lines": 0}, "missing_lines": [30, 31, 32, 41, 43, 51, 52, 53, 58, 59, 63, 66, 67, 68, 70, 71, 73, 78, 79, 83, 86, 87, 90, 95, 96, 102, 104, 113, 114, 123, 125], "excluded_lines": [], "functions": {"HealthCheck.__init__": {"executed_lines": [], "summary": {"covered_lines": 0, "num_statements": 3, "percent_covered": 0.0, "percent_covered_display": "0", "missing_lines": 3, "excluded_lines": 0}, "missing_lines": [30, 31, 32], "excluded_lines": []}, "HealthCheck.check": {"executed_lines": [], "summary": {"covered_lines": 0, "num_statements": 24, "percent_covered": 0.0, "percent_covered_display": "0", "missing_lines": 24, "excluded_lines": 0}, "missing_lines": [41, 43, 51, 52, 53, 58, 59, 63, 66, 67, 68, 70, 71, 73, 78, 79, 83, 86, 87, 90, 95, 96, 102, 104], "excluded_lines": []}, "HealthCheck.is_healthy": {"executed_lines": [], "summary": {"covered_lines": 0, "num_statements": 2, "percent_covered": 0.0, "percent_covered_display": "0", "missing_lines": 2, "excluded_lines": 0}, "missing_lines": [113, 114], "excluded_lines": []}, "HealthCheck.get_readiness": {"executed_lines": [], "summary": {"covered_lines": 0, "num_statements": 2, "percent_covered": 0.0, "percent_covered_display": "0", "missing_lines": 2, "excluded_lines": 0}, "missing_lines": [123, 125], "excluded_lines": []}, "": {"executed_lines": [1, 7, 8, 10, 11, 13, 16, 17, 23, 34, 106, 116], "summary": {"covered_lines": 10, "num_statements": 10, "percent_covered": 100.0, "percent_covered_display": "100", "missing_lines": 0, "excluded_lines": 0}, "missing_lines": [], "excluded_lines": []}}, "classes": {"HealthCheck": {"executed_lines": [], "summary": {"covered_lines": 0, "num_statements": 31, "percent_covered": 0.0, "percent_covered_display": "0", "missing_lines": 31, "excluded_lines": 0}, "missing_lines": [30, 31, 32, 41, 43, 51, 52, 53, 58, 59, 63, 66, 67, 68, 70, 71, 73, 78, 79, 83, 86, 87, 90, 95, 96, 102, 104, 113, 114, 123, 125], "excluded_lines": []}, "": {"executed_lines": [1, 7, 8, 10, 11, 13, 16, 17, 23, 34, 106, 116], "summary": {"covered_lines": 10, "num_statements": 10, "percent_covered": 100.0, "percent_covered_display": "100", "missing_lines": 0, "excluded_lines": 0}, "missing_lines": [], "excluded_lines": []}}}, "llm_dataset_engine/api/pipeline.py": {"executed_lines": [1, 7, 8, 9, 10, 12, 14, 18, 23, 31, 43, 51, 53, 56, 57, 68, 82, 83, 84, 85, 86, 87, 89, 102, 128, 169, 267, 360, 387, 414], "summary": {"covered_lines": 28, "num_statements": 127, "percent_covered": 22.04724409448819, "percent_covered_display": "22", "missing_lines": 99, "excluded_lines": 0}, "missing_lines": [99, 100, 109, 112, 113, 115, 116, 119, 120, 123, 124, 126, 136, 139, 140, 141, 144, 147, 152, 153, 155, 158, 160, 182, 183, 184, 187, 194, 196, 197, 198, 201, 206, 209, 210, 217, 218, 220, 222, 225, 228, 246, 249, 250, 252, 254, 256, 257, 263, 264, 265, 271, 274, 275, 276, 278, 286, 287, 288, 293, 294, 295, 300, 301, 306, 311, 319, 320, 325, 326, 329, 330, 333, 337, 342, 347, 348, 349, 352, 353, 356, 357, 358, 378, 379, 385, 405, 406, 412, 419, 420, 422, 424, 427, 428, 430, 432, 433, 434], "excluded_lines": [], "functions": {"Pipeline.__init__": {"executed_lines": [82, 83, 84, 85, 86, 87], "summary": {"covered_lines": 6, "num_statements": 6, "percent_covered": 100.0, "percent_covered_display": "100", "missing_lines": 0, "excluded_lines": 0}, "missing_lines": [], "excluded_lines": []}, "Pipeline.add_observer": {"executed_lines": [], "summary": {"covered_lines": 0, "num_statements": 2, "percent_covered": 0.0, "percent_covered_display": "0", "missing_lines": 2, "excluded_lines": 0}, "missing_lines": [99, 100], "excluded_lines": []}, "Pipeline.validate": {"executed_lines": [], "summary": {"covered_lines": 0, "num_statements": 10, "percent_covered": 0.0, "percent_covered_display": "0", "missing_lines": 10, "excluded_lines": 0}, "missing_lines": [109, 112, 113, 115, 116, 119, 120, 123, 124, 126], "excluded_lines": []}, "Pipeline.estimate_cost": {"executed_lines": [], "summary": {"covered_lines": 0, "num_statements": 11, "percent_covered": 0.0, "percent_covered_display": "0", "missing_lines": 11, "excluded_lines": 0}, "missing_lines": [136, 139, 140, 141, 144, 147, 152, 153, 155, 158, 160], "excluded_lines": []}, "Pipeline.execute": {"executed_lines": [], "summary": {"covered_lines": 0, "num_statements": 28, "percent_covered": 0.0, "percent_covered_display": "0", "missing_lines": 28, "excluded_lines": 0}, "missing_lines": [182, 183, 184, 187, 194, 196, 197, 198, 201, 206, 209, 210, 217, 218, 220, 222, 225, 228, 246, 249, 250, 252, 254, 256, 257, 263, 264, 265], "excluded_lines": []}, "Pipeline._execute_stages": {"executed_lines": [], "summary": {"covered_lines": 0, "num_statements": 32, "percent_covered": 0.0, "percent_covered_display": "0", "missing_lines": 32, "excluded_lines": 0}, "missing_lines": [271, 274, 275, 276, 278, 286, 287, 288, 293, 294, 295, 300, 301, 306, 311, 319, 320, 325, 326, 329, 330, 333, 337, 342, 347, 348, 349, 352, 353, 356, 357, 358], "excluded_lines": []}, "Pipeline.execute_async": {"executed_lines": [], "summary": {"covered_lines": 0, "num_statements": 3, "percent_covered": 0.0, "percent_covered_display": "0", "missing_lines": 3, "excluded_lines": 0}, "missing_lines": [378, 379, 385], "excluded_lines": []}, "Pipeline.execute_stream": {"executed_lines": [], "summary": {"covered_lines": 0, "num_statements": 3, "percent_covered": 0.0, "percent_covered_display": "0", "missing_lines": 3, "excluded_lines": 0}, "missing_lines": [405, 406, 412], "excluded_lines": []}, "Pipeline._execute_stage": {"executed_lines": [], "summary": {"covered_lines": 0, "num_statements": 10, "percent_covered": 0.0, "percent_covered_display": "0", "missing_lines": 10, "excluded_lines": 0}, "missing_lines": [419, 420, 422, 424, 427, 428, 430, 432, 433, 434], "excluded_lines": []}, "": {"executed_lines": [1, 7, 8, 9, 10, 12, 14, 18, 23, 31, 43, 51, 53, 56, 57, 68, 89, 102, 128, 169, 267, 360, 387, 414], "summary": {"covered_lines": 22, "num_statements": 22, "percent_covered": 100.0, "percent_covered_display": "100", "missing_lines": 0, "excluded_lines": 0}, "missing_lines": [], "excluded_lines": []}}, "classes": {"Pipeline": {"executed_lines": [82, 83, 84, 85, 86, 87], "summary": {"covered_lines": 6, "num_statements": 105, "percent_covered": 5.714285714285714, "percent_covered_display": "6", "missing_lines": 99, "excluded_lines": 0}, "missing_lines": [99, 100, 109, 112, 113, 115, 116, 119, 120, 123, 124, 126, 136, 139, 140, 141, 144, 147, 152, 153, 155, 158, 160, 182, 183, 184, 187, 194, 196, 197, 198, 201, 206, 209, 210, 217, 218, 220, 222, 225, 228, 246, 249, 250, 252, 254, 256, 257, 263, 264, 265, 271, 274, 275, 276, 278, 286, 287, 288, 293, 294, 295, 300, 301, 306, 311, 319, 320, 325, 326, 329, 330, 333, 337, 342, 347, 348, 349, 352, 353, 356, 357, 358, 378, 379, 385, 405, 406, 412, 419, 420, 422, 424, 427, 428, 430, 432, 433, 434], "excluded_lines": []}, "": {"executed_lines": [1, 7, 8, 9, 10, 12, 14, 18, 23, 31, 43, 51, 53, 56, 57, 68, 89, 102, 128, 169, 267, 360, 387, 414], "summary": {"covered_lines": 22, "num_statements": 22, "percent_covered": 100.0, "percent_covered_display": "100", "missing_lines": 0, "excluded_lines": 0}, "missing_lines": [], "excluded_lines": []}}}, "llm_dataset_engine/api/pipeline_builder.py": {"executed_lines": [1, 7, 8, 9, 11, 13, 14, 25, 33, 34, 49, 51, 52, 53, 54, 55, 56, 57, 59, 60, 67, 69, 90, 98, 100, 128, 153, 170, 175, 176, 178, 193, 197, 199, 222, 224, 232, 234, 244, 245, 247, 257, 258, 260, 270, 271, 273, 283, 284, 286, 296, 297, 299, 335, 348, 366, 382, 393, 394, 395, 396, 397, 398, 401, 410], "summary": {"covered_lines": 63, "num_statements": 77, "percent_covered": 81.81818181818181, "percent_covered_display": "82", "missing_lines": 14, "excluded_lines": 0}, "missing_lines": [119, 126, 145, 151, 316, 322, 328, 333, 345, 346, 363, 364, 379, 380], "excluded_lines": [], "functions": {"PipelineBuilder.__init__": {"executed_lines": [51, 52, 53, 54, 55, 56, 57], "summary": {"covered_lines": 7, "num_statements": 7, "percent_covered": 100.0, "percent_covered_display": "100", "missing_lines": 0, "excluded_lines": 0}, "missing_lines": [], "excluded_lines": []}, "PipelineBuilder.create": {"executed_lines": [67], "summary": {"covered_lines": 1, "num_statements": 1, "percent_covered": 100.0, "percent_covered_display": "100", "missing_lines": 0, "excluded_lines": 0}, "missing_lines": [], "excluded_lines": []}, "PipelineBuilder.from_csv": {"executed_lines": [90, 98], "summary": {"covered_lines": 2, "num_statements": 2, "percent_covered": 100.0, "percent_covered_display": "100", "missing_lines": 0, "excluded_lines": 0}, "missing_lines": [], "excluded_lines": []}, "PipelineBuilder.from_excel": {"executed_lines": [], "summary": {"covered_lines": 0, "num_statements": 2, "percent_covered": 0.0, "percent_covered_display": "0", "missing_lines": 2, "excluded_lines": 0}, "missing_lines": [119, 126], "excluded_lines": []}, "PipelineBuilder.from_parquet": {"executed_lines": [], "summary": {"covered_lines": 0, "num_statements": 2, "percent_covered": 0.0, "percent_covered_display": "0", "missing_lines": 2, "excluded_lines": 0}, "missing_lines": [145, 151], "excluded_lines": []}, "PipelineBuilder.from_dataframe": {"executed_lines": [170, 175, 176], "summary": {"covered_lines": 3, "num_statements": 3, "percent_covered": 100.0, "percent_covered_display": "100", "missing_lines": 0, "excluded_lines": 0}, "missing_lines": [], "excluded_lines": []}, "PipelineBuilder.with_prompt": {"executed_lines": [193, 197], "summary": {"covered_lines": 2, "num_statements": 2, "percent_covered": 100.0, "percent_covered_display": "100", "missing_lines": 0, "excluded_lines": 0}, "missing_lines": [], "excluded_lines": []}, "PipelineBuilder.with_llm": {"executed_lines": [222, 224, 232], "summary": {"covered_lines": 3, "num_statements": 3, "percent_covered": 100.0, "percent_covered_display": "100", "missing_lines": 0, "excluded_lines": 0}, "missing_lines": [], "excluded_lines": []}, "PipelineBuilder.with_batch_size": {"executed_lines": [244, 245], "summary": {"covered_lines": 2, "num_statements": 2, "percent_covered": 100.0, "percent_covered_display": "100", "missing_lines": 0, "excluded_lines": 0}, "missing_lines": [], "excluded_lines": []}, "PipelineBuilder.with_concurrency": {"executed_lines": [257, 258], "summary": {"covered_lines": 2, "num_statements": 2, "percent_covered": 100.0, "percent_covered_display": "100", "missing_lines": 0, "excluded_lines": 0}, "missing_lines": [], "excluded_lines": []}, "PipelineBuilder.with_checkpoint_interval": {"executed_lines": [270, 271], "summary": {"covered_lines": 2, "num_statements": 2, "percent_covered": 100.0, "percent_covered_display": "100", "missing_lines": 0, "excluded_lines": 0}, "missing_lines": [], "excluded_lines": []}, "PipelineBuilder.with_rate_limit": {"executed_lines": [283, 284], "summary": {"covered_lines": 2, "num_statements": 2, "percent_covered": 100.0, "percent_covered_display": "100", "missing_lines": 0, "excluded_lines": 0}, "missing_lines": [], "excluded_lines": []}, "PipelineBuilder.with_max_budget": {"executed_lines": [296, 297], "summary": {"covered_lines": 2, "num_statements": 2, "percent_covered": 100.0, "percent_covered_display": "100", "missing_lines": 0, "excluded_lines": 0}, "missing_lines": [], "excluded_lines": []}, "PipelineBuilder.with_output": {"executed_lines": [], "summary": {"covered_lines": 0, "num_statements": 4, "percent_covered": 0.0, "percent_covered_display": "0", "missing_lines": 4, "excluded_lines": 0}, "missing_lines": [316, 322, 328, 333], "excluded_lines": []}, "PipelineBuilder.with_executor": {"executed_lines": [], "summary": {"covered_lines": 0, "num_statements": 2, "percent_covered": 0.0, "percent_covered_display": "0", "missing_lines": 2, "excluded_lines": 0}, "missing_lines": [345, 346], "excluded_lines": []}, "PipelineBuilder.with_async_execution": {"executed_lines": [], "summary": {"covered_lines": 0, "num_statements": 2, "percent_covered": 0.0, "percent_covered_display": "0", "missing_lines": 2, "excluded_lines": 0}, "missing_lines": [363, 364], "excluded_lines": []}, "PipelineBuilder.with_streaming": {"executed_lines": [], "summary": {"covered_lines": 0, "num_statements": 2, "percent_covered": 0.0, "percent_covered_display": "0", "missing_lines": 2, "excluded_lines": 0}, "missing_lines": [379, 380], "excluded_lines": []}, "PipelineBuilder.build": {"executed_lines": [393, 394, 395, 396, 397, 398, 401, 410], "summary": {"covered_lines": 8, "num_statements": 8, "percent_covered": 100.0, "percent_covered_display": "100", "missing_lines": 0, "excluded_lines": 0}, "missing_lines": [], "excluded_lines": []}, "": {"executed_lines": [1, 7, 8, 9, 11, 13, 14, 25, 33, 34, 49, 59, 60, 69, 100, 128, 153, 178, 199, 234, 247, 260, 273, 286, 299, 335, 348, 366, 382], "summary": {"covered_lines": 27, "num_statements": 27, "percent_covered": 100.0, "percent_covered_display": "100", "missing_lines": 0, "excluded_lines": 0}, "missing_lines": [], "excluded_lines": []}}, "classes": {"PipelineBuilder": {"executed_lines": [51, 52, 53, 54, 55, 56, 57, 67, 90, 98, 170, 175, 176, 193, 197, 222, 224, 232, 244, 245, 257, 258, 270, 271, 283, 284, 296, 297, 393, 394, 395, 396, 397, 398, 401, 410], "summary": {"covered_lines": 36, "num_statements": 50, "percent_covered": 72.0, "percent_covered_display": "72", "missing_lines": 14, "excluded_lines": 0}, "missing_lines": [119, 126, 145, 151, 316, 322, 328, 333, 345, 346, 363, 364, 379, 380], "excluded_lines": []}, "": {"executed_lines": [1, 7, 8, 9, 11, 13, 14, 25, 33, 34, 49, 59, 60, 69, 100, 128, 153, 178, 199, 234, 247, 260, 273, 286, 299, 335, 348, 366, 382], "summary": {"covered_lines": 27, "num_statements": 27, "percent_covered": 100.0, "percent_covered_display": "100", "missing_lines": 0, "excluded_lines": 0}, "missing_lines": [], "excluded_lines": []}}}, "llm_dataset_engine/cli/__init__.py": {"executed_lines": [1, 3, 5], "summary": {"covered_lines": 2, "num_statements": 2, "percent_covered": 100.0, "percent_covered_display": "100", "missing_lines": 0, "excluded_lines": 0}, "missing_lines": [], "excluded_lines": [], "functions": {"": {"executed_lines": [1, 3, 5], "summary": {"covered_lines": 2, "num_statements": 2, "percent_covered": 100.0, "percent_covered_display": "100", "missing_lines": 0, "excluded_lines": 0}, "missing_lines": [], "excluded_lines": []}}, "classes": {"": {"executed_lines": [1, 3, 5], "summary": {"covered_lines": 2, "num_statements": 2, "percent_covered": 100.0, "percent_covered_display": "100", "missing_lines": 0, "excluded_lines": 0}, "missing_lines": [], "excluded_lines": []}}}, "llm_dataset_engine/cli/main.py": {"executed_lines": [1, 8, 9, 10, 11, 13, 14, 15, 17, 18, 19, 20, 26, 29, 30, 31, 53, 56, 57, 64, 71, 78, 83, 87, 92, 97, 102, 107, 112, 118, 270, 271, 278, 285, 290, 294, 372, 373, 379, 385, 391, 409, 410, 411, 414, 416, 452, 456, 457, 458, 461, 462, 469, 475, 547, 548, 554, 568, 569, 571, 573, 574, 576, 577, 578, 606, 607, 614, 620, 634, 635, 637, 640, 642, 643, 653, 654, 655, 657, 658, 659, 660, 661, 663, 664, 667, 668, 669, 670, 671, 674, 675, 682], "summary": {"covered_lines": 92, "num_statements": 289, "percent_covered": 31.833910034602077, "percent_covered_display": "32", "missing_lines": 197, "excluded_lines": 0}, "missing_lines": [153, 155, 156, 159, 162, 163, 166, 169, 170, 171, 172, 173, 174, 175, 177, 179, 185, 186, 188, 189, 191, 192, 193, 195, 196, 198, 199, 201, 202, 205, 206, 209, 210, 212, 213, 214, 215, 216, 218, 221, 222, 224, 225, 226, 228, 229, 230, 231, 232, 234, 236, 237, 238, 241, 242, 245, 247, 248, 249, 251, 252, 253, 254, 255, 256, 257, 259, 261, 263, 264, 265, 266, 267, 314, 316, 317, 320, 322, 323, 325, 326, 329, 332, 333, 334, 335, 336, 337, 340, 341, 344, 345, 346, 348, 349, 350, 351, 352, 353, 355, 356, 359, 360, 361, 364, 365, 367, 368, 369, 417, 419, 421, 422, 423, 424, 427, 428, 431, 435, 436, 439, 440, 441, 443, 444, 445, 446, 447, 448, 450, 453, 454, 455, 490, 492, 493, 495, 498, 499, 500, 501, 503, 504, 505, 506, 507, 508, 509, 511, 512, 514, 515, 518, 519, 520, 522, 523, 525, 526, 527, 528, 530, 531, 532, 533, 535, 536, 537, 538, 540, 542, 543, 544, 581, 582, 583, 584, 585, 586, 588, 589, 597, 598, 599, 601, 602, 603, 644, 645, 646, 647, 649, 650, 677, 678, 679, 683], "excluded_lines": [], "functions": {"cli": {"executed_lines": [53], "summary": {"covered_lines": 1, "num_statements": 1, "percent_covered": 100.0, "percent_covered_display": "100", "missing_lines": 0, "excluded_lines": 0}, "missing_lines": [], "excluded_lines": []}, "process": {"executed_lines": [], "summary": {"covered_lines": 0, "num_statements": 73, "percent_covered": 0.0, "percent_covered_display": "0", "missing_lines": 73, "excluded_lines": 0}, "missing_lines": [153, 155, 156, 159, 162, 163, 166, 169, 170, 171, 172, 173, 174, 175, 177, 179, 185, 186, 188, 189, 191, 192, 193, 195, 196, 198, 199, 201, 202, 205, 206, 209, 210, 212, 213, 214, 215, 216, 218, 221, 222, 224, 225, 226, 228, 229, 230, 231, 232, 234, 236, 237, 238, 241, 242, 245, 247, 248, 249, 251, 252, 253, 254, 255, 256, 257, 259, 261, 263, 264, 265, 266, 267], "excluded_lines": []}, "estimate": {"executed_lines": [], "summary": {"covered_lines": 0, "num_statements": 36, "percent_covered": 0.0, "percent_covered_display": "0", "missing_lines": 36, "excluded_lines": 0}, "missing_lines": [314, 316, 317, 320, 322, 323, 325, 326, 329, 332, 333, 334, 335, 336, 337, 340, 341, 344, 345, 346, 348, 349, 350, 351, 352, 353, 355, 356, 359, 360, 361, 364, 365, 367, 368, 369], "excluded_lines": []}, "resume": {"executed_lines": [409, 410, 411, 414, 416, 452, 456, 457, 458], "summary": {"covered_lines": 9, "num_statements": 33, "percent_covered": 27.272727272727273, "percent_covered_display": "27", "missing_lines": 24, "excluded_lines": 0}, "missing_lines": [417, 419, 421, 422, 423, 424, 427, 428, 431, 435, 436, 439, 440, 441, 443, 444, 445, 446, 447, 448, 450, 453, 454, 455], "excluded_lines": []}, "validate": {"executed_lines": [], "summary": {"covered_lines": 0, "num_statements": 40, "percent_covered": 0.0, "percent_covered_display": "0", "missing_lines": 40, "excluded_lines": 0}, "missing_lines": [490, 492, 493, 495, 498, 499, 500, 501, 503, 504, 505, 506, 507, 508, 509, 511, 512, 514, 515, 518, 519, 520, 522, 523, 525, 526, 527, 528, 530, 531, 532, 533, 535, 536, 537, 538, 540, 542, 543, 544], "excluded_lines": []}, "list_checkpoints": {"executed_lines": [568, 569, 571, 573, 574, 576, 577, 578], "summary": {"covered_lines": 8, "num_statements": 22, "percent_covered": 36.36363636363637, "percent_covered_display": "36", "missing_lines": 14, "excluded_lines": 0}, "missing_lines": [581, 582, 583, 584, 585, 586, 588, 589, 597, 598, 599, 601, 602, 603], "excluded_lines": []}, "inspect": {"executed_lines": [634, 635, 637, 640, 642, 643, 653, 654, 655, 657, 658, 659, 660, 661, 663, 664, 667, 668, 669, 670, 671, 674, 675], "summary": {"covered_lines": 23, "num_statements": 32, "percent_covered": 71.875, "percent_covered_display": "72", "missing_lines": 9, "excluded_lines": 0}, "missing_lines": [644, 645, 646, 647, 649, 650, 677, 678, 679], "excluded_lines": []}, "": {"executed_lines": [1, 8, 9, 10, 11, 13, 14, 15, 17, 18, 19, 20, 26, 29, 30, 31, 56, 57, 64, 71, 78, 83, 87, 92, 97, 102, 107, 112, 118, 270, 271, 278, 285, 290, 294, 372, 373, 379, 385, 391, 461, 462, 469, 475, 547, 548, 554, 606, 607, 614, 620, 682], "summary": {"covered_lines": 51, "num_statements": 52, "percent_covered": 98.07692307692308, "percent_covered_display": "98", "missing_lines": 1, "excluded_lines": 0}, "missing_lines": [683], "excluded_lines": []}}, "classes": {"": {"executed_lines": [1, 8, 9, 10, 11, 13, 14, 15, 17, 18, 19, 20, 26, 29, 30, 31, 53, 56, 57, 64, 71, 78, 83, 87, 92, 97, 102, 107, 112, 118, 270, 271, 278, 285, 290, 294, 372, 373, 379, 385, 391, 409, 410, 411, 414, 416, 452, 456, 457, 458, 461, 462, 469, 475, 547, 548, 554, 568, 569, 571, 573, 574, 576, 577, 578, 606, 607, 614, 620, 634, 635, 637, 640, 642, 643, 653, 654, 655, 657, 658, 659, 660, 661, 663, 664, 667, 668, 669, 670, 671, 674, 675, 682], "summary": {"covered_lines": 92, "num_statements": 289, "percent_covered": 31.833910034602077, "percent_covered_display": "32", "missing_lines": 197, "excluded_lines": 0}, "missing_lines": [153, 155, 156, 159, 162, 163, 166, 169, 170, 171, 172, 173, 174, 175, 177, 179, 185, 186, 188, 189, 191, 192, 193, 195, 196, 198, 199, 201, 202, 205, 206, 209, 210, 212, 213, 214, 215, 216, 218, 221, 222, 224, 225, 226, 228, 229, 230, 231, 232, 234, 236, 237, 238, 241, 242, 245, 247, 248, 249, 251, 252, 253, 254, 255, 256, 257, 259, 261, 263, 264, 265, 266, 267, 314, 316, 317, 320, 322, 323, 325, 326, 329, 332, 333, 334, 335, 336, 337, 340, 341, 344, 345, 346, 348, 349, 350, 351, 352, 353, 355, 356, 359, 360, 361, 364, 365, 367, 368, 369, 417, 419, 421, 422, 423, 424, 427, 428, 431, 435, 436, 439, 440, 441, 443, 444, 445, 446, 447, 448, 450, 453, 454, 455, 490, 492, 493, 495, 498, 499, 500, 501, 503, 504, 505, 506, 507, 508, 509, 511, 512, 514, 515, 518, 519, 520, 522, 523, 525, 526, 527, 528, 530, 531, 532, 533, 535, 536, 537, 538, 540, 542, 543, 544, 581, 582, 583, 584, 585, 586, 588, 589, 597, 598, 599, 601, 602, 603, 644, 645, 646, 647, 649, 650, 677, 678, 679, 683], "excluded_lines": []}}}, "llm_dataset_engine/config/__init__.py": {"executed_lines": [1, 3, 5], "summary": {"covered_lines": 2, "num_statements": 2, "percent_covered": 100.0, "percent_covered_display": "100", "missing_lines": 0, "excluded_lines": 0}, "missing_lines": [], "excluded_lines": [], "functions": {"": {"executed_lines": [1, 3, 5], "summary": {"covered_lines": 2, "num_statements": 2, "percent_covered": 100.0, "percent_covered_display": "100", "missing_lines": 0, "excluded_lines": 0}, "missing_lines": [], "excluded_lines": []}}, "classes": {"": {"executed_lines": [1, 3, 5], "summary": {"covered_lines": 2, "num_statements": 2, "percent_covered": 100.0, "percent_covered_display": "100", "missing_lines": 0, "excluded_lines": 0}, "missing_lines": [], "excluded_lines": []}}}, "llm_dataset_engine/config/config_loader.py": {"executed_lines": [1, 7, 8, 9, 11, 13, 14, 17, 18, 24, 25, 49, 50, 74, 75, 89, 90, 108, 109], "summary": {"covered_lines": 17, "num_statements": 38, "percent_covered": 44.73684210526316, "percent_covered_display": "45", "missing_lines": 21, "excluded_lines": 0}, "missing_lines": [39, 41, 42, 44, 45, 47, 64, 66, 67, 69, 70, 72, 87, 100, 103, 105, 106, 119, 122, 124, 125], "excluded_lines": [], "functions": {"ConfigLoader.from_yaml": {"executed_lines": [], "summary": {"covered_lines": 0, "num_statements": 6, "percent_covered": 0.0, "percent_covered_display": "0", "missing_lines": 6, "excluded_lines": 0}, "missing_lines": [39, 41, 42, 44, 45, 47], "excluded_lines": []}, "ConfigLoader.from_json": {"executed_lines": [], "summary": {"covered_lines": 0, "num_statements": 6, "percent_covered": 0.0, "percent_covered_display": "0", "missing_lines": 6, "excluded_lines": 0}, "missing_lines": [64, 66, 67, 69, 70, 72], "excluded_lines": []}, "ConfigLoader._dict_to_specifications": {"executed_lines": [], "summary": {"covered_lines": 0, "num_statements": 1, "percent_covered": 0.0, "percent_covered_display": "0", "missing_lines": 1, "excluded_lines": 0}, "missing_lines": [87], "excluded_lines": []}, "ConfigLoader.to_yaml": {"executed_lines": [], "summary": {"covered_lines": 0, "num_statements": 4, "percent_covered": 0.0, "percent_covered_display": "0", "missing_lines": 4, "excluded_lines": 0}, "missing_lines": [100, 103, 105, 106], "excluded_lines": []}, "ConfigLoader.to_json": {"executed_lines": [], "summary": {"covered_lines": 0, "num_statements": 4, "percent_covered": 0.0, "percent_covered_display": "0", "missing_lines": 4, "excluded_lines": 0}, "missing_lines": [119, 122, 124, 125], "excluded_lines": []}, "": {"executed_lines": [1, 7, 8, 9, 11, 13, 14, 17, 18, 24, 25, 49, 50, 74, 75, 89, 90, 108, 109], "summary": {"covered_lines": 17, "num_statements": 17, "percent_covered": 100.0, "percent_covered_display": "100", "missing_lines": 0, "excluded_lines": 0}, "missing_lines": [], "excluded_lines": []}}, "classes": {"ConfigLoader": {"executed_lines": [], "summary": {"covered_lines": 0, "num_statements": 21, "percent_covered": 0.0, "percent_covered_display": "0", "missing_lines": 21, "excluded_lines": 0}, "missing_lines": [39, 41, 42, 44, 45, 47, 64, 66, 67, 69, 70, 72, 87, 100, 103, 105, 106, 119, 122, 124, 125], "excluded_lines": []}, "": {"executed_lines": [1, 7, 8, 9, 11, 13, 14, 17, 18, 24, 25, 49, 50, 74, 75, 89, 90, 108, 109], "summary": {"covered_lines": 17, "num_statements": 17, "percent_covered": 100.0, "percent_covered_display": "100", "missing_lines": 0, "excluded_lines": 0}, "missing_lines": [], "excluded_lines": []}}}, "llm_dataset_engine/core/__init__.py": {"executed_lines": [1, 3, 16, 29], "summary": {"covered_lines": 3, "num_statements": 3, "percent_covered": 100.0, "percent_covered_display": "100", "missing_lines": 0, "excluded_lines": 0}, "missing_lines": [], "excluded_lines": [], "functions": {"": {"executed_lines": [1, 3, 16, 29], "summary": {"covered_lines": 3, "num_statements": 3, "percent_covered": 100.0, "percent_covered_display": "100", "missing_lines": 0, "excluded_lines": 0}, "missing_lines": [], "excluded_lines": []}}, "classes": {"": {"executed_lines": [1, 3, 16, 29], "summary": {"covered_lines": 3, "num_statements": 3, "percent_covered": 100.0, "percent_covered_display": "100", "missing_lines": 0, "excluded_lines": 0}, "missing_lines": [], "excluded_lines": []}}}, "llm_dataset_engine/core/error_handler.py": {"executed_lines": [1, 7, 8, 9, 11, 12, 14, 17, 18, 20, 21, 22, 23, 26, 27, 28, 30, 31, 32, 33, 36, 37, 43, 63, 141], "summary": {"covered_lines": 21, "num_statements": 47, "percent_covered": 44.680851063829785, "percent_covered_display": "45", "missing_lines": 26, "excluded_lines": 0}, "missing_lines": [57, 58, 59, 80, 81, 84, 90, 91, 92, 95, 101, 104, 109, 110, 111, 116, 117, 118, 121, 127, 128, 129, 136, 151, 161, 162], "excluded_lines": [], "functions": {"ErrorHandler.__init__": {"executed_lines": [], "summary": {"covered_lines": 0, "num_statements": 3, "percent_covered": 0.0, "percent_covered_display": "0", "missing_lines": 3, "excluded_lines": 0}, "missing_lines": [57, 58, 59], "excluded_lines": []}, "ErrorHandler.handle_error": {"executed_lines": [], "summary": {"covered_lines": 0, "num_statements": 20, "percent_covered": 0.0, "percent_covered_display": "0", "missing_lines": 20, "excluded_lines": 0}, "missing_lines": [80, 81, 84, 90, 91, 92, 95, 101, 104, 109, 110, 111, 116, 117, 118, 121, 127, 128, 129, 136], "excluded_lines": []}, "ErrorHandler.should_retry": {"executed_lines": [], "summary": {"covered_lines": 0, "num_statements": 3, "percent_covered": 0.0, "percent_covered_display": "0", "missing_lines": 3, "excluded_lines": 0}, "missing_lines": [151, 161, 162], "excluded_lines": []}, "": {"executed_lines": [1, 7, 8, 9, 11, 12, 14, 17, 18, 20, 21, 22, 23, 26, 27, 28, 30, 31, 32, 33, 36, 37, 43, 63, 141], "summary": {"covered_lines": 21, "num_statements": 21, "percent_covered": 100.0, "percent_covered_display": "100", "missing_lines": 0, "excluded_lines": 0}, "missing_lines": [], "excluded_lines": []}}, "classes": {"ErrorAction": {"executed_lines": [], "summary": {"covered_lines": 0, "num_statements": 0, "percent_covered": 100.0, "percent_covered_display": "100", "missing_lines": 0, "excluded_lines": 0}, "missing_lines": [], "excluded_lines": []}, "ErrorDecision": {"executed_lines": [], "summary": {"covered_lines": 0, "num_statements": 0, "percent_covered": 100.0, "percent_covered_display": "100", "missing_lines": 0, "excluded_lines": 0}, "missing_lines": [], "excluded_lines": []}, "ErrorHandler": {"executed_lines": [], "summary": {"covered_lines": 0, "num_statements": 26, "percent_covered": 0.0, "percent_covered_display": "0", "missing_lines": 26, "excluded_lines": 0}, "missing_lines": [57, 58, 59, 80, 81, 84, 90, 91, 92, 95, 101, 104, 109, 110, 111, 116, 117, 118, 121, 127, 128, 129, 136, 151, 161, 162], "excluded_lines": []}, "": {"executed_lines": [1, 7, 8, 9, 11, 12, 14, 17, 18, 20, 21, 22, 23, 26, 27, 28, 30, 31, 32, 33, 36, 37, 43, 63, 141], "summary": {"covered_lines": 21, "num_statements": 21, "percent_covered": 100.0, "percent_covered_display": "100", "missing_lines": 0, "excluded_lines": 0}, "missing_lines": [], "excluded_lines": []}}}, "llm_dataset_engine/core/models.py": {"executed_lines": [1, 8, 9, 10, 11, 12, 14, 17, 18, 19, 21, 22, 23, 24, 25, 26, 27, 30, 31, 32, 34, 35, 36, 37, 38, 39, 40, 43, 44, 45, 47, 48, 49, 50, 51, 52, 53, 56, 57, 58, 60, 61, 62, 63, 64, 65, 68, 69, 70, 72, 73, 74, 75, 76, 77, 78, 79, 80, 82, 83, 89, 90, 99, 100, 101, 103, 104, 105, 107, 112, 117, 118, 119, 121, 122, 123, 124, 125, 128, 129, 130, 132, 133, 134, 135, 136, 137, 140, 141, 142, 144, 145, 146, 147, 148, 151, 152, 153, 155, 156, 157, 160, 161, 162, 164, 165, 166, 167, 168, 169], "summary": {"covered_lines": 98, "num_statements": 107, "percent_covered": 91.58878504672897, "percent_covered_display": "92", "missing_lines": 9, "excluded_lines": 0}, "missing_lines": [85, 86, 87, 92, 93, 94, 109, 110, 114], "excluded_lines": [], "functions": {"ExecutionResult.duration": {"executed_lines": [], "summary": {"covered_lines": 0, "num_statements": 3, "percent_covered": 0.0, "percent_covered_display": "0", "missing_lines": 3, "excluded_lines": 0}, "missing_lines": [85, 86, 87], "excluded_lines": []}, "ExecutionResult.error_rate": {"executed_lines": [], "summary": {"covered_lines": 0, "num_statements": 3, "percent_covered": 0.0, "percent_covered_display": "0", "missing_lines": 3, "excluded_lines": 0}, "missing_lines": [92, 93, 94], "excluded_lines": []}, "ValidationResult.add_error": {"executed_lines": [], "summary": {"covered_lines": 0, "num_statements": 2, "percent_covered": 0.0, "percent_covered_display": "0", "missing_lines": 2, "excluded_lines": 0}, "missing_lines": [109, 110], "excluded_lines": []}, "ValidationResult.add_warning": {"executed_lines": [], "summary": {"covered_lines": 0, "num_statements": 1, "percent_covered": 0.0, "percent_covered_display": "0", "missing_lines": 1, "excluded_lines": 0}, "missing_lines": [114], "excluded_lines": []}, "": {"executed_lines": [1, 8, 9, 10, 11, 12, 14, 17, 18, 19, 21, 22, 23, 24, 25, 26, 27, 30, 31, 32, 34, 35, 36, 37, 38, 39, 40, 43, 44, 45, 47, 48, 49, 50, 51, 52, 53, 56, 57, 58, 60, 61, 62, 63, 64, 65, 68, 69, 70, 72, 73, 74, 75, 76, 77, 78, 79, 80, 82, 83, 89, 90, 99, 100, 101, 103, 104, 105, 107, 112, 117, 118, 119, 121, 122, 123, 124, 125, 128, 129, 130, 132, 133, 134, 135, 136, 137, 140, 141, 142, 144, 145, 146, 147, 148, 151, 152, 153, 155, 156, 157, 160, 161, 162, 164, 165, 166, 167, 168, 169], "summary": {"covered_lines": 98, "num_statements": 98, "percent_covered": 100.0, "percent_covered_display": "100", "missing_lines": 0, "excluded_lines": 0}, "missing_lines": [], "excluded_lines": []}}, "classes": {"LLMResponse": {"executed_lines": [], "summary": {"covered_lines": 0, "num_statements": 0, "percent_covered": 100.0, "percent_covered_display": "100", "missing_lines": 0, "excluded_lines": 0}, "missing_lines": [], "excluded_lines": []}, "CostEstimate": {"executed_lines": [], "summary": {"covered_lines": 0, "num_statements": 0, "percent_covered": 100.0, "percent_covered_display": "100", "missing_lines": 0, "excluded_lines": 0}, "missing_lines": [], "excluded_lines": []}, "ProcessingStats": {"executed_lines": [], "summary": {"covered_lines": 0, "num_statements": 0, "percent_covered": 100.0, "percent_covered_display": "100", "missing_lines": 0, "excluded_lines": 0}, "missing_lines": [], "excluded_lines": []}, "ErrorInfo": {"executed_lines": [], "summary": {"covered_lines": 0, "num_statements": 0, "percent_covered": 100.0, "percent_covered_display": "100", "missing_lines": 0, "excluded_lines": 0}, "missing_lines": [], "excluded_lines": []}, "ExecutionResult": {"executed_lines": [], "summary": {"covered_lines": 0, "num_statements": 6, "percent_covered": 0.0, "percent_covered_display": "0", "missing_lines": 6, "excluded_lines": 0}, "missing_lines": [85, 86, 87, 92, 93, 94], "excluded_lines": []}, "ValidationResult": {"executed_lines": [], "summary": {"covered_lines": 0, "num_statements": 3, "percent_covered": 0.0, "percent_covered_display": "0", "missing_lines": 3, "excluded_lines": 0}, "missing_lines": [109, 110, 114], "excluded_lines": []}, "WriteConfirmation": {"executed_lines": [], "summary": {"covered_lines": 0, "num_statements": 0, "percent_covered": 100.0, "percent_covered_display": "100", "missing_lines": 0, "excluded_lines": 0}, "missing_lines": [], "excluded_lines": []}, "CheckpointInfo": {"executed_lines": [], "summary": {"covered_lines": 0, "num_statements": 0, "percent_covered": 100.0, "percent_covered_display": "100", "missing_lines": 0, "excluded_lines": 0}, "missing_lines": [], "excluded_lines": []}, "RowMetadata": {"executed_lines": [], "summary": {"covered_lines": 0, "num_statements": 0, "percent_covered": 100.0, "percent_covered_display": "100", "missing_lines": 0, "excluded_lines": 0}, "missing_lines": [], "excluded_lines": []}, "PromptBatch": {"executed_lines": [], "summary": {"covered_lines": 0, "num_statements": 0, "percent_covered": 100.0, "percent_covered_display": "100", "missing_lines": 0, "excluded_lines": 0}, "missing_lines": [], "excluded_lines": []}, "ResponseBatch": {"executed_lines": [], "summary": {"covered_lines": 0, "num_statements": 0, "percent_covered": 100.0, "percent_covered_display": "100", "missing_lines": 0, "excluded_lines": 0}, "missing_lines": [], "excluded_lines": []}, "": {"executed_lines": [1, 8, 9, 10, 11, 12, 14, 17, 18, 19, 21, 22, 23, 24, 25, 26, 27, 30, 31, 32, 34, 35, 36, 37, 38, 39, 40, 43, 44, 45, 47, 48, 49, 50, 51, 52, 53, 56, 57, 58, 60, 61, 62, 63, 64, 65, 68, 69, 70, 72, 73, 74, 75, 76, 77, 78, 79, 80, 82, 83, 89, 90, 99, 100, 101, 103, 104, 105, 107, 112, 117, 118, 119, 121, 122, 123, 124, 125, 128, 129, 130, 132, 133, 134, 135, 136, 137, 140, 141, 142, 144, 145, 146, 147, 148, 151, 152, 153, 155, 156, 157, 160, 161, 162, 164, 165, 166, 167, 168, 169], "summary": {"covered_lines": 98, "num_statements": 98, "percent_covered": 100.0, "percent_covered_display": "100", "missing_lines": 0, "excluded_lines": 0}, "missing_lines": [], "excluded_lines": []}}}, "llm_dataset_engine/core/specifications.py": {"executed_lines": [1, 9, 10, 11, 12, 14, 17, 18, 20, 21, 22, 23, 26, 27, 29, 30, 31, 32, 35, 36, 38, 39, 40, 41, 44, 45, 47, 48, 49, 52, 53, 55, 56, 57, 60, 63, 66, 69, 70, 72, 73, 74, 78, 80, 82, 83, 84, 86, 87, 88, 89, 90, 94, 97, 98, 100, 101, 104, 107, 111, 112, 113, 115, 119, 122, 123, 125, 126, 127, 130, 133, 136, 141, 144, 147, 152, 155, 159, 160, 161, 174, 175, 177, 180, 183, 186, 189, 192, 195, 198, 201, 205, 206, 207, 212, 213, 215, 216, 217, 220, 224, 225, 226, 235, 236, 238, 243, 244, 245, 246, 247, 248], "summary": {"covered_lines": 101, "num_statements": 113, "percent_covered": 89.38053097345133, "percent_covered_display": "89", "missing_lines": 12, "excluded_lines": 0}, "missing_lines": [79, 91, 116, 165, 166, 167, 168, 171, 209, 230, 231, 232], "excluded_lines": [], "functions": {"DatasetSpec.validate_source_path": {"executed_lines": [78, 80], "summary": {"covered_lines": 2, "num_statements": 3, "percent_covered": 66.66666666666667, "percent_covered_display": "67", "missing_lines": 1, "excluded_lines": 0}, "missing_lines": [79], "excluded_lines": []}, "DatasetSpec.validate_no_overlap": {"executed_lines": [86, 87, 88, 89, 90, 94], "summary": {"covered_lines": 6, "num_statements": 7, "percent_covered": 85.71428571428571, "percent_covered_display": "86", "missing_lines": 1, "excluded_lines": 0}, "missing_lines": [91], "excluded_lines": []}, "PromptSpec.validate_template": {"executed_lines": [115, 119], "summary": {"covered_lines": 2, "num_statements": 3, "percent_covered": 66.66666666666667, "percent_covered_display": "67", "missing_lines": 1, "excluded_lines": 0}, "missing_lines": [116], "excluded_lines": []}, "LLMSpec.validate_azure_config": {"executed_lines": [], "summary": {"covered_lines": 0, "num_statements": 5, "percent_covered": 0.0, "percent_covered_display": "0", "missing_lines": 5, "excluded_lines": 0}, "missing_lines": [165, 166, 167, 168, 171], "excluded_lines": []}, "ProcessingSpec.validate_checkpoint_dir": {"executed_lines": [], "summary": {"covered_lines": 0, "num_statements": 1, "percent_covered": 0.0, "percent_covered_display": "0", "missing_lines": 1, "excluded_lines": 0}, "missing_lines": [209], "excluded_lines": []}, "OutputSpec.validate_destination_path": {"executed_lines": [], "summary": {"covered_lines": 0, "num_statements": 3, "percent_covered": 0.0, "percent_covered_display": "0", "missing_lines": 3, "excluded_lines": 0}, "missing_lines": [230, 231, 232], "excluded_lines": []}, "": {"executed_lines": [1, 9, 10, 11, 12, 14, 17, 18, 20, 21, 22, 23, 26, 27, 29, 30, 31, 32, 35, 36, 38, 39, 40, 41, 44, 45, 47, 48, 49, 52, 53, 55, 56, 57, 60, 63, 66, 69, 70, 72, 73, 74, 82, 83, 84, 97, 98, 100, 101, 104, 107, 111, 112, 113, 122, 123, 125, 126, 127, 130, 133, 136, 141, 144, 147, 152, 155, 159, 160, 161, 174, 175, 177, 180, 183, 186, 189, 192, 195, 198, 201, 205, 206, 207, 212, 213, 215, 216, 217, 220, 224, 225, 226, 235, 236, 238, 243, 244, 245, 246, 247, 248], "summary": {"covered_lines": 91, "num_statements": 91, "percent_covered": 100.0, "percent_covered_display": "100", "missing_lines": 0, "excluded_lines": 0}, "missing_lines": [], "excluded_lines": []}}, "classes": {"DataSourceType": {"executed_lines": [], "summary": {"covered_lines": 0, "num_statements": 0, "percent_covered": 100.0, "percent_covered_display": "100", "missing_lines": 0, "excluded_lines": 0}, "missing_lines": [], "excluded_lines": []}, "LLMProvider": {"executed_lines": [], "summary": {"covered_lines": 0, "num_statements": 0, "percent_covered": 100.0, "percent_covered_display": "100", "missing_lines": 0, "excluded_lines": 0}, "missing_lines": [], "excluded_lines": []}, "ErrorPolicy": {"executed_lines": [], "summary": {"covered_lines": 0, "num_statements": 0, "percent_covered": 100.0, "percent_covered_display": "100", "missing_lines": 0, "excluded_lines": 0}, "missing_lines": [], "excluded_lines": []}, "MergeStrategy": {"executed_lines": [], "summary": {"covered_lines": 0, "num_statements": 0, "percent_covered": 100.0, "percent_covered_display": "100", "missing_lines": 0, "excluded_lines": 0}, "missing_lines": [], "excluded_lines": []}, "DatasetSpec": {"executed_lines": [78, 80, 86, 87, 88, 89, 90, 94], "summary": {"covered_lines": 8, "num_statements": 10, "percent_covered": 80.0, "percent_covered_display": "80", "missing_lines": 2, "excluded_lines": 0}, "missing_lines": [79, 91], "excluded_lines": []}, "PromptSpec": {"executed_lines": [115, 119], "summary": {"covered_lines": 2, "num_statements": 3, "percent_covered": 66.66666666666667, "percent_covered_display": "67", "missing_lines": 1, "excluded_lines": 0}, "missing_lines": [116], "excluded_lines": []}, "LLMSpec": {"executed_lines": [], "summary": {"covered_lines": 0, "num_statements": 5, "percent_covered": 0.0, "percent_covered_display": "0", "missing_lines": 5, "excluded_lines": 0}, "missing_lines": [165, 166, 167, 168, 171], "excluded_lines": []}, "ProcessingSpec": {"executed_lines": [], "summary": {"covered_lines": 0, "num_statements": 1, "percent_covered": 0.0, "percent_covered_display": "0", "missing_lines": 1, "excluded_lines": 0}, "missing_lines": [209], "excluded_lines": []}, "OutputSpec": {"executed_lines": [], "summary": {"covered_lines": 0, "num_statements": 3, "percent_covered": 0.0, "percent_covered_display": "0", "missing_lines": 3, "excluded_lines": 0}, "missing_lines": [230, 231, 232], "excluded_lines": []}, "PipelineSpecifications": {"executed_lines": [], "summary": {"covered_lines": 0, "num_statements": 0, "percent_covered": 100.0, "percent_covered_display": "100", "missing_lines": 0, "excluded_lines": 0}, "missing_lines": [], "excluded_lines": []}, "": {"executed_lines": [1, 9, 10, 11, 12, 14, 17, 18, 20, 21, 22, 23, 26, 27, 29, 30, 31, 32, 35, 36, 38, 39, 40, 41, 44, 45, 47, 48, 49, 52, 53, 55, 56, 57, 60, 63, 66, 69, 70, 72, 73, 74, 82, 83, 84, 97, 98, 100, 101, 104, 107, 111, 112, 113, 122, 123, 125, 126, 127, 130, 133, 136, 141, 144, 147, 152, 155, 159, 160, 161, 174, 175, 177, 180, 183, 186, 189, 192, 195, 198, 201, 205, 206, 207, 212, 213, 215, 216, 217, 220, 224, 225, 226, 235, 236, 238, 243, 244, 245, 246, 247, 248], "summary": {"covered_lines": 91, "num_statements": 91, "percent_covered": 100.0, "percent_covered_display": "100", "missing_lines": 0, "excluded_lines": 0}, "missing_lines": [], "excluded_lines": []}}}, "llm_dataset_engine/integrations/__init__.py": {"executed_lines": [], "summary": {"covered_lines": 0, "num_statements": 1, "percent_covered": 0.0, "percent_covered_display": "0", "missing_lines": 1, "excluded_lines": 0}, "missing_lines": [3], "excluded_lines": [], "functions": {"": {"executed_lines": [], "summary": {"covered_lines": 0, "num_statements": 1, "percent_covered": 0.0, "percent_covered_display": "0", "missing_lines": 1, "excluded_lines": 0}, "missing_lines": [3], "excluded_lines": []}}, "classes": {"": {"executed_lines": [], "summary": {"covered_lines": 0, "num_statements": 1, "percent_covered": 0.0, "percent_covered_display": "0", "missing_lines": 1, "excluded_lines": 0}, "missing_lines": [3], "excluded_lines": []}}}, "llm_dataset_engine/integrations/airflow.py": {"executed_lines": [], "summary": {"covered_lines": 0, "num_statements": 57, "percent_covered": 0.0, "percent_covered_display": "0", "missing_lines": 57, "excluded_lines": 0}, "missing_lines": [7, 9, 10, 11, 13, 14, 15, 16, 18, 19, 22, 24, 43, 44, 72, 73, 74, 75, 76, 77, 78, 79, 80, 82, 93, 96, 97, 98, 100, 101, 102, 104, 105, 108, 110, 111, 112, 113, 114, 116, 117, 119, 122, 123, 124, 126, 133, 136, 137, 138, 141, 142, 147, 151, 154, 155, 161], "excluded_lines": [], "functions": {"LLMTransformOperator.__init__": {"executed_lines": [], "summary": {"covered_lines": 0, "num_statements": 9, "percent_covered": 0.0, "percent_covered_display": "0", "missing_lines": 9, "excluded_lines": 0}, "missing_lines": [72, 73, 74, 75, 76, 77, 78, 79, 80], "excluded_lines": []}, "LLMTransformOperator.execute": {"executed_lines": [], "summary": {"covered_lines": 0, "num_statements": 29, "percent_covered": 0.0, "percent_covered_display": "0", "missing_lines": 29, "excluded_lines": 0}, "missing_lines": [93, 96, 97, 98, 100, 101, 102, 104, 105, 108, 110, 111, 112, 113, 114, 116, 117, 119, 122, 123, 124, 126, 133, 136, 137, 138, 141, 142, 147], "excluded_lines": []}, "": {"executed_lines": [], "summary": {"covered_lines": 0, "num_statements": 19, "percent_covered": 0.0, "percent_covered_display": "0", "missing_lines": 19, "excluded_lines": 0}, "missing_lines": [7, 9, 10, 11, 13, 14, 15, 16, 18, 19, 22, 24, 43, 44, 82, 151, 154, 155, 161], "excluded_lines": []}}, "classes": {"LLMTransformOperator": {"executed_lines": [], "summary": {"covered_lines": 0, "num_statements": 38, "percent_covered": 0.0, "percent_covered_display": "0", "missing_lines": 38, "excluded_lines": 0}, "missing_lines": [72, 73, 74, 75, 76, 77, 78, 79, 80, 93, 96, 97, 98, 100, 101, 102, 104, 105, 108, 110, 111, 112, 113, 114, 116, 117, 119, 122, 123, 124, 126, 133, 136, 137, 138, 141, 142, 147], "excluded_lines": []}, "": {"executed_lines": [], "summary": {"covered_lines": 0, "num_statements": 19, "percent_covered": 0.0, "percent_covered_display": "0", "missing_lines": 19, "excluded_lines": 0}, "missing_lines": [7, 9, 10, 11, 13, 14, 15, 16, 18, 19, 22, 24, 43, 44, 82, 151, 154, 155, 161], "excluded_lines": []}}}, "llm_dataset_engine/integrations/prefect.py": {"executed_lines": [], "summary": {"covered_lines": 0, "num_statements": 42, "percent_covered": 0.0, "percent_covered_display": "0", "missing_lines": 42, "excluded_lines": 0}, "missing_lines": [7, 8, 10, 12, 13, 15, 16, 17, 20, 21, 22, 23, 25, 26, 29, 30, 73, 74, 80, 83, 84, 85, 87, 88, 89, 91, 92, 95, 96, 97, 98, 99, 101, 104, 105, 111, 118, 121, 122, 123, 125, 128], "excluded_lines": [], "functions": {"llm_transform_task": {"executed_lines": [], "summary": {"covered_lines": 0, "num_statements": 25, "percent_covered": 0.0, "percent_covered_display": "0", "missing_lines": 25, "excluded_lines": 0}, "missing_lines": [73, 74, 80, 83, 84, 85, 87, 88, 89, 91, 92, 95, 96, 97, 98, 99, 101, 104, 105, 111, 118, 121, 122, 123, 125], "excluded_lines": []}, "": {"executed_lines": [], "summary": {"covered_lines": 0, "num_statements": 17, "percent_covered": 0.0, "percent_covered_display": "0", "missing_lines": 17, "excluded_lines": 0}, "missing_lines": [7, 8, 10, 12, 13, 15, 16, 17, 20, 21, 22, 23, 25, 26, 29, 30, 128], "excluded_lines": []}}, "classes": {"": {"executed_lines": [], "summary": {"covered_lines": 0, "num_statements": 42, "percent_covered": 0.0, "percent_covered_display": "0", "missing_lines": 42, "excluded_lines": 0}, "missing_lines": [7, 8, 10, 12, 13, 15, 16, 17, 20, 21, 22, 23, 25, 26, 29, 30, 73, 74, 80, 83, 84, 85, 87, 88, 89, 91, 92, 95, 96, 97, 98, 99, 101, 104, 105, 111, 118, 121, 122, 123, 125, 128], "excluded_lines": []}}}, "llm_dataset_engine/orchestration/__init__.py": {"executed_lines": [1, 3, 4, 5, 6, 12, 13, 17, 19], "summary": {"covered_lines": 8, "num_statements": 8, "percent_covered": 100.0, "percent_covered_display": "100", "missing_lines": 0, "excluded_lines": 0}, "missing_lines": [], "excluded_lines": [], "functions": {"": {"executed_lines": [1, 3, 4, 5, 6, 12, 13, 17, 19], "summary": {"covered_lines": 8, "num_statements": 8, "percent_covered": 100.0, "percent_covered_display": "100", "missing_lines": 0, "excluded_lines": 0}, "missing_lines": [], "excluded_lines": []}}, "classes": {"": {"executed_lines": [1, 3, 4, 5, 6, 12, 13, 17, 19], "summary": {"covered_lines": 8, "num_statements": 8, "percent_covered": 100.0, "percent_covered_display": "100", "missing_lines": 0, "excluded_lines": 0}, "missing_lines": [], "excluded_lines": []}}}, "llm_dataset_engine/orchestration/async_executor.py": {"executed_lines": [1, 8, 9, 10, 11, 13, 15, 20, 21, 22, 23, 25, 28, 29, 42, 53, 111, 141, 163, 167, 171, 172], "summary": {"covered_lines": 20, "num_statements": 54, "percent_covered": 37.03703703703704, "percent_covered_display": "37", "missing_lines": 34, "excluded_lines": 0}, "missing_lines": [49, 50, 51, 68, 70, 72, 74, 75, 78, 88, 97, 107, 108, 109, 122, 124, 125, 128, 130, 133, 137, 139, 147, 148, 150, 151, 152, 155, 158, 159, 161, 165, 169, 174], "excluded_lines": [], "functions": {"AsyncExecutor.__init__": {"executed_lines": [], "summary": {"covered_lines": 0, "num_statements": 3, "percent_covered": 0.0, "percent_covered_display": "0", "missing_lines": 3, "excluded_lines": 0}, "missing_lines": [49, 50, 51], "excluded_lines": []}, "AsyncExecutor.execute": {"executed_lines": [], "summary": {"covered_lines": 0, "num_statements": 11, "percent_covered": 0.0, "percent_covered_display": "0", "missing_lines": 11, "excluded_lines": 0}, "missing_lines": [68, 70, 72, 74, 75, 78, 88, 97, 107, 108, 109], "excluded_lines": []}, "AsyncExecutor._execute_stages_async": {"executed_lines": [], "summary": {"covered_lines": 0, "num_statements": 8, "percent_covered": 0.0, "percent_covered_display": "0", "missing_lines": 8, "excluded_lines": 0}, "missing_lines": [122, 124, 125, 128, 130, 133, 137, 139], "excluded_lines": []}, "AsyncExecutor._invoke_llm_batch_async": {"executed_lines": [], "summary": {"covered_lines": 0, "num_statements": 4, "percent_covered": 0.0, "percent_covered_display": "0", "missing_lines": 4, "excluded_lines": 0}, "missing_lines": [147, 158, 159, 161], "excluded_lines": []}, "AsyncExecutor._invoke_llm_batch_async._invoke_one": {"executed_lines": [], "summary": {"covered_lines": 0, "num_statements": 5, "percent_covered": 0.0, "percent_covered_display": "0", "missing_lines": 5, "excluded_lines": 0}, "missing_lines": [148, 150, 151, 152, 155], "excluded_lines": []}, "AsyncExecutor.supports_async": {"executed_lines": [], "summary": {"covered_lines": 0, "num_statements": 1, "percent_covered": 0.0, "percent_covered_display": "0", "missing_lines": 1, "excluded_lines": 0}, "missing_lines": [165], "excluded_lines": []}, "AsyncExecutor.supports_streaming": {"executed_lines": [], "summary": {"covered_lines": 0, "num_statements": 1, "percent_covered": 0.0, "percent_covered_display": "0", "missing_lines": 1, "excluded_lines": 0}, "missing_lines": [169], "excluded_lines": []}, "AsyncExecutor.name": {"executed_lines": [], "summary": {"covered_lines": 0, "num_statements": 1, "percent_covered": 0.0, "percent_covered_display": "0", "missing_lines": 1, "excluded_lines": 0}, "missing_lines": [174], "excluded_lines": []}, "": {"executed_lines": [1, 8, 9, 10, 11, 13, 15, 20, 21, 22, 23, 25, 28, 29, 42, 53, 111, 141, 163, 167, 171, 172], "summary": {"covered_lines": 20, "num_statements": 20, "percent_covered": 100.0, "percent_covered_display": "100", "missing_lines": 0, "excluded_lines": 0}, "missing_lines": [], "excluded_lines": []}}, "classes": {"AsyncExecutor": {"executed_lines": [], "summary": {"covered_lines": 0, "num_statements": 34, "percent_covered": 0.0, "percent_covered_display": "0", "missing_lines": 34, "excluded_lines": 0}, "missing_lines": [49, 50, 51, 68, 70, 72, 74, 75, 78, 88, 97, 107, 108, 109, 122, 124, 125, 128, 130, 133, 137, 139, 147, 148, 150, 151, 152, 155, 158, 159, 161, 165, 169, 174], "excluded_lines": []}, "": {"executed_lines": [1, 8, 9, 10, 11, 13, 15, 20, 21, 22, 23, 25, 28, 29, 42, 53, 111, 141, 163, 167, 171, 172], "summary": {"covered_lines": 20, "num_statements": 20, "percent_covered": 100.0, "percent_covered_display": "100", "miss
[...]
nes": []}, "": {"executed_lines": [], "summary": {"covered_lines": 0, "num_statements": 12, "percent_covered": 0.0, "percent_covered_display": "0", "missing_lines": 12, "excluded_lines": 0}, "missing_lines": [7, 8, 10, 12, 13, 14, 15, 18, 25, 35, 55, 69], "excluded_lines": []}}, "classes": {"StreamingDataLoaderStage": {"executed_lines": [], "summary": {"covered_lines": 0, "num_statements": 12, "percent_covered": 0.0, "percent_covered_display": "0", "missing_lines": 12, "excluded_lines": 0}, "missing_lines": [32, 33, 40, 48, 53, 57, 60, 61, 64, 65, 67, 71], "excluded_lines": []}, "": {"executed_lines": [], "summary": {"covered_lines": 0, "num_statements": 12, "percent_covered": 0.0, "percent_covered_display": "0", "missing_lines": 12, "excluded_lines": 0}, "missing_lines": [7, 8, 10, 12, 13, 14, 15, 18, 25, 35, 55, 69], "excluded_lines": []}}}, "llm_dataset_engine/utils/__init__.py": {"executed_lines": [1, 3, 7, 8, 13, 14, 21], "summary": {"covered_lines": 6, "num_statements": 6, "percent_covered": 100.0, "percent_covered_display": "100", "missing_lines": 0, "excluded_lines": 0}, "missing_lines": [], "excluded_lines": [], "functions": {"": {"executed_lines": [1, 3, 7, 8, 13, 14, 21], "summary": {"covered_lines": 6, "num_statements": 6, "percent_covered": 100.0, "percent_covered_display": "100", "missing_lines": 0, "excluded_lines": 0}, "missing_lines": [], "excluded_lines": []}}, "classes": {"": {"executed_lines": [1, 3, 7, 8, 13, 14, 21], "summary": {"covered_lines": 6, "num_statements": 6, "percent_covered": 100.0, "percent_covered_display": "100", "missing_lines": 0, "excluded_lines": 0}, "missing_lines": [], "excluded_lines": []}}}, "llm_dataset_engine/utils/budget_controller.py": {"executed_lines": [1, 7, 8, 10, 12, 15, 16, 18, 21, 22, 28, 44, 45, 46, 47, 49, 50, 52, 62, 63, 65, 68, 73, 77, 80, 85, 89, 92, 93, 96, 98, 99, 101, 111, 113, 115, 125, 127, 129, 142, 144], "summary": {"covered_lines": 38, "num_statements": 41, "percent_covered": 92.6829268292683, "percent_covered_display": "93", "missing_lines": 3, "excluded_lines": 0}, "missing_lines": [112, 126, 143], "excluded_lines": [], "functions": {"BudgetController.__init__": {"executed_lines": [44, 45, 46, 47, 49, 50], "summary": {"covered_lines": 6, "num_statements": 6, "percent_covered": 100.0, "percent_covered_display": "100", "missing_lines": 0, "excluded_lines": 0}, "missing_lines": [], "excluded_lines": []}, "BudgetController.check_budget": {"executed_lines": [62, 63, 65, 68, 73, 77, 80, 85, 89, 92, 93, 96, 98, 99], "summary": {"covered_lines": 14, "num_statements": 14, "percent_covered": 100.0, "percent_covered_display": "100", "missing_lines": 0, "excluded_lines": 0}, "missing_lines": [], "excluded_lines": []}, "BudgetController.get_remaining": {"executed_lines": [111, 113], "summary": {"covered_lines": 2, "num_statements": 3, "percent_covered": 66.66666666666667, "percent_covered_display": "67", "missing_lines": 1, "excluded_lines": 0}, "missing_lines": [112], "excluded_lines": []}, "BudgetController.get_usage_percentage": {"executed_lines": [125, 127], "summary": {"covered_lines": 2, "num_statements": 3, "percent_covered": 66.66666666666667, "percent_covered_display": "67", "missing_lines": 1, "excluded_lines": 0}, "missing_lines": [126], "excluded_lines": []}, "BudgetController.can_afford": {"executed_lines": [142, 144], "summary": {"covered_lines": 2, "num_statements": 3, "percent_covered": 66.66666666666667, "percent_covered_display": "67", "missing_lines": 1, "excluded_lines": 0}, "missing_lines": [143], "excluded_lines": []}, "": {"executed_lines": [1, 7, 8, 10, 12, 15, 16, 18, 21, 22, 28, 52, 101, 115, 129], "summary": {"covered_lines": 12, "num_statements": 12, "percent_covered": 100.0, "percent_covered_display": "100", "missing_lines": 0, "excluded_lines": 0}, "missing_lines": [], "excluded_lines": []}}, "classes": {"BudgetExceededError": {"executed_lines": [], "summary": {"covered_lines": 0, "num_statements": 0, "percent_covered": 100.0, "percent_covered_display": "100", "missing_lines": 0, "excluded_lines": 0}, "missing_lines": [], "excluded_lines": []}, "BudgetController": {"executed_lines": [44, 45, 46, 47, 49, 50, 62, 63, 65, 68, 73, 77, 80, 85, 89, 92, 93, 96, 98, 99, 111, 113, 125, 127, 142, 144], "summary": {"covered_lines": 26, "num_statements": 29, "percent_covered": 89.65517241379311, "percent_covered_display": "90", "missing_lines": 3, "excluded_lines": 0}, "missing_lines": [112, 126, 143], "excluded_lines": []}, "": {"executed_lines": [1, 7, 8, 10, 12, 15, 16, 18, 21, 22, 28, 52, 101, 115, 129], "summary": {"covered_lines": 12, "num_statements": 12, "percent_covered": 100.0, "percent_covered_display": "100", "missing_lines": 0, "excluded_lines": 0}, "missing_lines": [], "excluded_lines": []}}}, "llm_dataset_engine/utils/cost_tracker.py": {"executed_lines": [1, 7, 8, 9, 10, 12, 15, 16, 17, 19, 20, 21, 22, 23, 26, 27, 33, 45, 46, 48, 49, 50, 51, 52, 53, 55, 76, 78, 79, 86, 88, 89, 90, 92, 93, 97, 99, 110, 111, 112, 114, 115, 117, 118, 120, 121, 123, 124, 126, 127, 129, 130, 132, 133, 135, 136, 138, 148, 149, 150, 160, 162, 163, 164, 165, 166, 167, 169, 171, 172], "summary": {"covered_lines": 67, "num_statements": 67, "percent_covered": 100.0, "percent_covered_display": "100", "missing_lines": 0, "excluded_lines": 0}, "missing_lines": [], "excluded_lines": [], "functions": {"CostTracker.__init__": {"executed_lines": [45, 46, 48, 49, 50, 51, 52, 53], "summary": {"covered_lines": 8, "num_statements": 8, "percent_covered": 100.0, "percent_covered_display": "100", "missing_lines": 0, "excluded_lines": 0}, "missing_lines": [], "excluded_lines": []}, "CostTracker.add": {"executed_lines": [76, 78, 79, 86, 88, 89, 90, 92, 93, 97], "summary": {"covered_lines": 10, "num_statements": 10, "percent_covered": 100.0, "percent_covered_display": "100", "missing_lines": 0, "excluded_lines": 0}, "missing_lines": [], "excluded_lines": []}, "CostTracker.calculate_cost": {"executed_lines": [110, 111, 112], "summary": {"covered_lines": 3, "num_statements": 3, "percent_covered": 100.0, "percent_covered_display": "100", "missing_lines": 0, "excluded_lines": 0}, "missing_lines": [], "excluded_lines": []}, "CostTracker.total_cost": {"executed_lines": [117, 118], "summary": {"covered_lines": 2, "num_statements": 2, "percent_covered": 100.0, "percent_covered_display": "100", "missing_lines": 0, "excluded_lines": 0}, "missing_lines": [], "excluded_lines": []}, "CostTracker.total_tokens": {"executed_lines": [123, 124], "summary": {"covered_lines": 2, "num_statements": 2, "percent_covered": 100.0, "percent_covered_display": "100", "missing_lines": 0, "excluded_lines": 0}, "missing_lines": [], "excluded_lines": []}, "CostTracker.input_tokens": {"executed_lines": [129, 130], "summary": {"covered_lines": 2, "num_statements": 2, "percent_covered": 100.0, "percent_covered_display": "100", "missing_lines": 0, "excluded_lines": 0}, "missing_lines": [], "excluded_lines": []}, "CostTracker.output_tokens": {"executed_lines": [135, 136], "summary": {"covered_lines": 2, "num_statements": 2, "percent_covered": 100.0, "percent_covered_display": "100", "missing_lines": 0, "excluded_lines": 0}, "missing_lines": [], "excluded_lines": []}, "CostTracker.get_estimate": {"executed_lines": [148, 149, 150], "summary": {"covered_lines": 3, "num_statements": 3, "percent_covered": 100.0, "percent_covered_display": "100", "missing_lines": 0, "excluded_lines": 0}, "missing_lines": [], "excluded_lines": []}, "CostTracker.reset": {"executed_lines": [162, 163, 164, 165, 166, 167], "summary": {"covered_lines": 6, "num_statements": 6, "percent_covered": 100.0, "percent_covered_display": "100", "missing_lines": 0, "excluded_lines": 0}, "missing_lines": [], "excluded_lines": []}, "CostTracker.get_stage_costs": {"executed_lines": [171, 172], "summary": {"covered_lines": 2, "num_statements": 2, "percent_covered": 100.0, "percent_covered_display": "100", "missing_lines": 0, "excluded_lines": 0}, "missing_lines": [], "excluded_lines": []}, "": {"executed_lines": [1, 7, 8, 9, 10, 12, 15, 16, 17, 19, 20, 21, 22, 23, 26, 27, 33, 55, 99, 114, 115, 120, 121, 126, 127, 132, 133, 138, 160, 169], "summary": {"covered_lines": 27, "num_statements": 27, "percent_covered": 100.0, "percent_covered_display": "100", "missing_lines": 0, "excluded_lines": 0}, "missing_lines": [], "excluded_lines": []}}, "classes": {"CostEntry": {"executed_lines": [], "summary": {"covered_lines": 0, "num_statements": 0, "percent_covered": 100.0, "percent_covered_display": "100", "missing_lines": 0, "excluded_lines": 0}, "missing_lines": [], "excluded_lines": []}, "CostTracker": {"executed_lines": [45, 46, 48, 49, 50, 51, 52, 53, 76, 78, 79, 86, 88, 89, 90, 92, 93, 97, 110, 111, 112, 117, 118, 123, 124, 129, 130, 135, 136, 148, 149, 150, 162, 163, 164, 165, 166, 167, 171, 172], "summary": {"covered_lines": 40, "num_statements": 40, "percent_covered": 100.0, "percent_covered_display": "100", "missing_lines": 0, "excluded_lines": 0}, "missing_lines": [], "excluded_lines": []}, "": {"executed_lines": [1, 7, 8, 9, 10, 12, 15, 16, 17, 19, 20, 21, 22, 23, 26, 27, 33, 55, 99, 114, 115, 120, 121, 126, 127, 132, 133, 138, 160, 169], "summary": {"covered_lines": 27, "num_statements": 27, "percent_covered": 100.0, "percent_covered_display": "100", "missing_lines": 0, "excluded_lines": 0}, "missing_lines": [], "excluded_lines": []}}}, "llm_dataset_engine/utils/logging_utils.py": {"executed_lines": [1, 7, 8, 9, 11, 14, 60, 70, 73], "summary": {"covered_lines": 8, "num_statements": 26, "percent_covered": 30.76923076923077, "percent_covered_display": "31", "missing_lines": 18, "excluded_lines": 0}, "missing_lines": [28, 35, 41, 42, 44, 45, 47, 49, 83, 92, 93, 94, 95, 96, 97, 98, 100, 102], "excluded_lines": [], "functions": {"configure_logging": {"executed_lines": [], "summary": {"covered_lines": 0, "num_statements": 8, "percent_covered": 0.0, "percent_covered_display": "0", "missing_lines": 8, "excluded_lines": 0}, "missing_lines": [28, 35, 41, 42, 44, 45, 47, 49], "excluded_lines": []}, "get_logger": {"executed_lines": [70], "summary": {"covered_lines": 1, "num_statements": 1, "percent_covered": 100.0, "percent_covered_display": "100", "missing_lines": 0, "excluded_lines": 0}, "missing_lines": [], "excluded_lines": []}, "sanitize_for_logging": {"executed_lines": [], "summary": {"covered_lines": 0, "num_statements": 10, "percent_covered": 0.0, "percent_covered_display": "0", "missing_lines": 10, "excluded_lines": 0}, "missing_lines": [83, 92, 93, 94, 95, 96, 97, 98, 100, 102], "excluded_lines": []}, "": {"executed_lines": [1, 7, 8, 9, 11, 14, 60, 73], "summary": {"covered_lines": 7, "num_statements": 7, "percent_covered": 100.0, "percent_covered_display": "100", "missing_lines": 0, "excluded_lines": 0}, "missing_lines": [], "excluded_lines": []}}, "classes": {"": {"executed_lines": [1, 7, 8, 9, 11, 14, 60, 70, 73], "summary": {"covered_lines": 8, "num_statements": 26, "percent_covered": 30.76923076923077, "percent_covered_display": "31", "missing_lines": 18, "excluded_lines": 0}, "missing_lines": [28, 35, 41, 42, 44, 45, 47, 49, 83, 92, 93, 94, 95, 96, 97, 98, 100, 102], "excluded_lines": []}}}, "llm_dataset_engine/utils/metrics_exporter.py": {"executed_lines": [], "summary": {"covered_lines": 0, "num_statements": 32, "percent_covered": 0.0, "percent_covered_display": "0", "missing_lines": 32, "excluded_lines": 0}, "missing_lines": [7, 9, 11, 14, 21, 28, 29, 32, 38, 44, 50, 56, 62, 67, 69, 70, 71, 72, 73, 76, 77, 79, 91, 95, 99, 107, 109, 117, 119, 127, 129, 136], "excluded_lines": [], "functions": {"PrometheusMetrics.__init__": {"executed_lines": [], "summary": {"covered_lines": 0, "num_statements": 8, "percent_covered": 0.0, "percent_covered_display": "0", "missing_lines": 8, "excluded_lines": 0}, "missing_lines": [28, 29, 32, 38, 44, 50, 56, 62], "excluded_lines": []}, "PrometheusMetrics.start_server": {"executed_lines": [], "summary": {"covered_lines": 0, "num_statements": 7, "percent_covered": 0.0, "percent_covered_display": "0", "missing_lines": 7, "excluded_lines": 0}, "missing_lines": [69, 70, 71, 72, 73, 76, 77], "excluded_lines": []}, "PrometheusMetrics.record_request": {"executed_lines": [], "summary": {"covered_lines": 0, "num_statements": 2, "percent_covered": 0.0, "percent_covered_display": "0", "missing_lines": 2, "excluded_lines": 0}, "missing_lines": [91, 95], "excluded_lines": []}, "PrometheusMetrics.record_cost": {"executed_lines": [], "summary": {"covered_lines": 0, "num_statements": 1, "percent_covered": 0.0, "percent_covered_display": "0", "missing_lines": 1, "excluded_lines": 0}, "missing_lines": [107], "excluded_lines": []}, "PrometheusMetrics.record_error": {"executed_lines": [], "summary": {"covered_lines": 0, "num_statements": 1, "percent_covered": 0.0, "percent_covered_display": "0", "missing_lines": 1, "excluded_lines": 0}, "missing_lines": [117], "excluded_lines": []}, "PrometheusMetrics.record_rows_processed": {"executed_lines": [], "summary": {"covered_lines": 0, "num_statements": 1, "percent_covered": 0.0, "percent_covered_display": "0", "missing_lines": 1, "excluded_lines": 0}, "missing_lines": [127], "excluded_lines": []}, "PrometheusMetrics.record_throughput": {"executed_lines": [], "summary": {"covered_lines": 0, "num_statements": 1, "percent_covered": 0.0, "percent_covered_display": "0", "missing_lines": 1, "excluded_lines": 0}, "missing_lines": [136], "excluded_lines": []}, "": {"executed_lines": [], "summary": {"covered_lines": 0, "num_statements": 11, "percent_covered": 0.0, "percent_covered_display": "0", "missing_lines": 11, "excluded_lines": 0}, "missing_lines": [7, 9, 11, 14, 21, 67, 79, 99, 109, 119, 129], "excluded_lines": []}}, "classes": {"PrometheusMetrics": {"executed_lines": [], "summary": {"covered_lines": 0, "num_statements": 21, "percent_covered": 0.0, "percent_covered_display": "0", "missing_lines": 21, "excluded_lines": 0}, "missing_lines": [28, 29, 32, 38, 44, 50, 56, 62, 69, 70, 71, 72, 73, 76, 77, 91, 95, 107, 117, 127, 136], "excluded_lines": []}, "": {"executed_lines": [], "summary": {"covered_lines": 0, "num_statements": 11, "percent_covered": 0.0, "percent_covered_display": "0", "missing_lines": 11, "excluded_lines": 0}, "missing_lines": [7, 9, 11, 14, 21, 67, 79, 99, 109, 119, 129], "excluded_lines": []}}}, "llm_dataset_engine/utils/rate_limiter.py": {"executed_lines": [1, 8, 9, 10, 13, 14, 20, 30, 31, 32, 33, 34, 37, 39, 53, 54, 58, 60, 61, 62, 64, 65, 66, 69, 70, 73, 75, 77, 78, 81, 82, 84, 86, 87, 89, 90, 91, 93, 95, 96, 97], "summary": {"covered_lines": 39, "num_statements": 39, "percent_covered": 100.0, "percent_covered_display": "100", "missing_lines": 0, "excluded_lines": 0}, "missing_lines": [], "excluded_lines": [], "functions": {"RateLimiter.__init__": {"executed_lines": [30, 31, 32, 33, 34, 37], "summary": {"covered_lines": 6, "num_statements": 6, "percent_covered": 100.0, "percent_covered_display": "100", "missing_lines": 0, "excluded_lines": 0}, "missing_lines": [], "excluded_lines": []}, "RateLimiter.acquire": {"executed_lines": [53, 54, 58, 60, 61, 62, 64, 65, 66, 69, 70, 73], "summary": {"covered_lines": 12, "num_statements": 12, "percent_covered": 100.0, "percent_covered_display": "100", "missing_lines": 0, "excluded_lines": 0}, "missing_lines": [], "excluded_lines": []}, "RateLimiter._refill": {"executed_lines": [77, 78, 81, 82, 84], "summary": {"covered_lines": 5, "num_statements": 5, "percent_covered": 100.0, "percent_covered_display": "100", "missing_lines": 0, "excluded_lines": 0}, "missing_lines": [], "excluded_lines": []}, "RateLimiter.available_tokens": {"executed_lines": [89, 90, 91], "summary": {"covered_lines": 3, "num_statements": 3, "percent_covered": 100.0, "percent_covered_display": "100", "missing_lines": 0, "excluded_lines": 0}, "missing_lines": [], "excluded_lines": []}, "RateLimiter.reset": {"executed_lines": [95, 96, 97], "summary": {"covered_lines": 3, "num_statements": 3, "percent_covered": 100.0, "percent_covered_display": "100", "missing_lines": 0, "excluded_lines": 0}, "missing_lines": [], "excluded_lines": []}, "": {"executed_lines": [1, 8, 9, 10, 13, 14, 20, 39, 75, 86, 87, 93], "summary": {"covered_lines": 10, "num_statements": 10, "percent_covered": 100.0, "percent_covered_display": "100", "missing_lines": 0, "excluded_lines": 0}, "missing_lines": [], "excluded_lines": []}}, "classes": {"RateLimiter": {"executed_lines": [30, 31, 32, 33, 34, 37, 53, 54, 58, 60, 61, 62, 64, 65, 66, 69, 70, 73, 77, 78, 81, 82, 84, 89, 90, 91, 95, 96, 97], "summary": {"covered_lines": 29, "num_statements": 29, "percent_covered": 100.0, "percent_covered_display": "100", "missing_lines": 0, "excluded_lines": 0}, "missing_lines": [], "excluded_lines": []}, "": {"executed_lines": [1, 8, 9, 10, 13, 14, 20, 39, 75, 86, 87, 93], "summary": {"covered_lines": 10, "num_statements": 10, "percent_covered": 100.0, "percent_covered_display": "100", "missing_lines": 0, "excluded_lines": 0}, "missing_lines": [], "excluded_lines": []}}}, "llm_dataset_engine/utils/retry_handler.py": {"executed_lines": [1, 8, 9, 11, 18, 21, 22, 24, 27, 28, 30, 33, 34, 36, 39, 40, 46, 64, 65, 66, 67, 69, 70, 78, 91, 102, 104, 114, 115], "summary": {"covered_lines": 24, "num_statements": 25, "percent_covered": 96.0, "percent_covered_display": "96", "missing_lines": 1, "excluded_lines": 0}, "missing_lines": [76], "excluded_lines": [], "functions": {"RetryHandler.__init__": {"executed_lines": [64, 65, 66, 67, 69, 70], "summary": {"covered_lines": 6, "num_statements": 7, "percent_covered": 85.71428571428571, "percent_covered_display": "86", "missing_lines": 1, "excluded_lines": 0}, "missing_lines": [76], "excluded_lines": []}, "RetryHandler.execute": {"executed_lines": [91, 102], "summary": {"covered_lines": 2, "num_statements": 2, "percent_covered": 100.0, "percent_covered_display": "100", "missing_lines": 0, "excluded_lines": 0}, "missing_lines": [], "excluded_lines": []}, "RetryHandler.calculate_delay": {"executed_lines": [114, 115], "summary": {"covered_lines": 2, "num_statements": 2, "percent_covered": 100.0, "percent_covered_display": "100", "missing_lines": 0, "excluded_lines": 0}, "missing_lines": [], "excluded_lines": []}, "": {"executed_lines": [1, 8, 9, 11, 18, 21, 22, 24, 27, 28, 30, 33, 34, 36, 39, 40, 46, 78, 104], "summary": {"covered_lines": 14, "num_statements": 14, "percent_covered": 100.0, "percent_covered_display": "100", "missing_lines": 0, "excluded_lines": 0}, "missing_lines": [], "excluded_lines": []}}, "classes": {"RetryableError": {"executed_lines": [], "summary": {"covered_lines": 0, "num_statements": 0, "percent_covered": 100.0, "percent_covered_display": "100", "missing_lines": 0, "excluded_lines": 0}, "missing_lines": [], "excluded_lines": []}, "RateLimitError": {"executed_lines": [], "summary": {"covered_lines": 0, "num_statements": 0, "percent_covered": 100.0, "percent_covered_display": "100", "missing_lines": 0, "excluded_lines": 0}, "missing_lines": [], "excluded_lines": []}, "NetworkError": {"executed_lines": [], "summary": {"covered_lines": 0, "num_statements": 0, "percent_covered": 100.0, "percent_covered_display": "100", "missing_lines": 0, "excluded_lines": 0}, "missing_lines": [], "excluded_lines": []}, "RetryHandler": {"executed_lines": [64, 65, 66, 67, 69, 70, 91, 102, 114, 115], "summary": {"covered_lines": 10, "num_statements": 11, "percent_covered": 90.9090909090909, "percent_covered_display": "91", "missing_lines": 1, "excluded_lines": 0}, "missing_lines": [76], "excluded_lines": []}, "": {"executed_lines": [1, 8, 9, 11, 18, 21, 22, 24, 27, 28, 30, 33, 34, 36, 39, 40, 46, 78, 104], "summary": {"covered_lines": 14, "num_statements": 14, "percent_covered": 100.0, "percent_covered_display": "100", "missing_lines": 0, "excluded_lines": 0}, "missing_lines": [], "excluded_lines": []}}}}, "totals": {"covered_lines": 1105, "num_statements": 2528, "percent_covered": 43.710443037974684, "percent_covered_display": "44", "missing_lines": 1423, "excluded_lines": 0}}
